#
# There is insufficient memory for the Java Runtime Environment to continue.
# Native memory allocation (mmap) failed to map 1048576 bytes for Failed to commit area from 0x000000008fd00000 to 0x000000008fe00000 of length 1048576.
# Possible reasons:
#   The system is out of physical RAM or swap space
#   The process is running with CompressedOops enabled, and the Java Heap may be blocking the growth of the native heap
# Possible solutions:
#   Reduce memory load on the system
#   Increase physical memory or swap space
#   Check if swap backing store is full
#   Decrease Java heap size (-Xmx/-Xms)
#   Decrease number of Java threads
#   Decrease Java thread stack sizes (-Xss)
#   Set larger code cache with -XX:ReservedCodeCacheSize=
#   JVM is running with Unscaled Compressed Oops mode in which the Java heap is
#     placed in the first 4GB address space. The Java Heap base address is the
#     maximum limit for the native heap growth. Please use -XX:HeapBaseMinAddress
#     to set the Java Heap base and to place the Java Heap above 4GB virtual address.
# This output file may be truncated or incomplete.
#
#  Out of Memory Error (./src/hotspot/os/windows/os_windows.cpp:3301), pid=5864, tid=16244
#
# JRE version: OpenJDK Runtime Environment Corretto-11.0.10.9.1 (11.0.10+9) (build 11.0.10+9-LTS)
# Java VM: OpenJDK 64-Bit Server VM Corretto-11.0.10.9.1 (11.0.10+9-LTS, mixed mode, tiered, compressed oops, g1 gc, windows-amd64)
# No core dump will be written. Minidumps are not enabled by default on client versions of Windows
#

---------------  S U M M A R Y ------------

Command Line: --module-path=C:\Users\PepeO\Documents\2021\Computer Science\Programs\Java\javafx-sdk-11.0.2\lib --add-modules=javafx.controls,javafx.fxml -javaagent:C:\Users\PepeO\Documents\2021\Computer Science\New IntelliJ\IntelliJ IDEA Community Edition 2021.1\lib\idea_rt.jar=63522:C:\Users\PepeO\Documents\2021\Computer Science\New IntelliJ\IntelliJ IDEA Community Edition 2021.1\bin -Dfile.encoding=UTF-8 sample.Main

Host: Intel(R) Core(TM) i7-1065G7 CPU @ 1.30GHz, 8 cores, 7G,  Windows 10 , 64 bit Build 19041 (10.0.19041.1023)
Time: Tue Jun 15 16:43:59 2021 Hora est. Pacífico, Sudamérica elapsed time: 4.100350 seconds (0d 0h 0m 4s)

---------------  T H R E A D  ---------------

Current thread (0x0000021640f13800):  JavaThread "JavaFX Application Thread" [_thread_in_vm, id=16244, stack(0x00000031b1e00000,0x00000031b1f00000)]

Stack: [0x00000031b1e00000,0x00000031b1f00000]
Native frames: (J=compiled Java code, j=interpreted, Vv=VM code, C=native code)
V  [jvm.dll+0x5f402a]
V  [jvm.dll+0x77db5e]
V  [jvm.dll+0x77f22f]
V  [jvm.dll+0x77f8f3]
V  [jvm.dll+0x246a88]
V  [jvm.dll+0x5f11da]
V  [jvm.dll+0x5e5e05]
V  [jvm.dll+0x2fb8ec]
V  [jvm.dll+0x2fb772]
V  [jvm.dll+0x300426]
V  [jvm.dll+0x344bef]
V  [jvm.dll+0x344620]
V  [jvm.dll+0x2d938c]
V  [jvm.dll+0x2d524f]
V  [jvm.dll+0x589ef2]
V  [jvm.dll+0x589a17]
V  [jvm.dll+0x1edf1d]
V  [jvm.dll+0x7578db]
V  [jvm.dll+0x656cd6]
C  0x0000021629275fa9

Java frames: (J=compiled Java code, j=interpreted, Vv=VM code)
v  ~RuntimeStub::_new_array_nozero_Java
J 1523 c2 com.sun.javafx.iio.gif.GIFImageLoader2.decodePalette([B[[BIIIIII)Ljava/nio/ByteBuffer; javafx.graphics (290 bytes) @ 0x0000021630ceb190 [0x0000021630cea960+0x0000000000000830]
j  com.sun.javafx.iio.gif.GIFImageLoader2.load(IIIZZ)Lcom/sun/javafx/iio/ImageFrame;+274 javafx.graphics
j  com.sun.javafx.iio.ImageStorage.loadAll(Lcom/sun/javafx/iio/ImageLoader;DDZFZ)[Lcom/sun/javafx/iio/ImageFrame;+54 javafx.graphics
j  com.sun.javafx.iio.ImageStorage.loadAll(Ljava/lang/String;Lcom/sun/javafx/iio/ImageLoadListener;DDZFZ)[Lcom/sun/javafx/iio/ImageFrame;+136 javafx.graphics
j  com.sun.javafx.tk.quantum.PrismImageLoader2.loadAll(Ljava/lang/String;DDZFZ)V+23 javafx.graphics
j  com.sun.javafx.tk.quantum.PrismImageLoader2.<init>(Ljava/lang/String;DDZFZ)V+15 javafx.graphics
j  com.sun.javafx.tk.quantum.QuantumToolkit.loadImage(Ljava/lang/String;DDZZ)Lcom/sun/javafx/tk/ImageLoader;+16 javafx.graphics
j  javafx.scene.image.Image.loadImage(Ljava/lang/String;DDZZ)Lcom/sun/javafx/tk/ImageLoader;+10 javafx.graphics
j  javafx.scene.image.Image.initialize(Ljava/lang/Object;)V+92 javafx.graphics
j  javafx.scene.image.Image.<init>(Ljava/lang/String;)V+16 javafx.graphics
j  sample.Controller.initialize()V+57
v  ~StubRoutines::call_stub
j  jdk.internal.reflect.NativeMethodAccessorImpl.invoke0(Ljava/lang/reflect/Method;Ljava/lang/Object;[Ljava/lang/Object;)Ljava/lang/Object;+0 java.base@11.0.10
j  jdk.internal.reflect.NativeMethodAccessorImpl.invoke(Ljava/lang/Object;[Ljava/lang/Object;)Ljava/lang/Object;+100 java.base@11.0.10
J 1456 c1 jdk.internal.reflect.DelegatingMethodAccessorImpl.invoke(Ljava/lang/Object;[Ljava/lang/Object;)Ljava/lang/Object; java.base@11.0.10 (10 bytes) @ 0x00000216299ae6bc [0x00000216299ae5c0+0x00000000000000fc]
J 1423 c1 java.lang.reflect.Method.invoke(Ljava/lang/Object;[Ljava/lang/Object;)Ljava/lang/Object; java.base@11.0.10 (65 bytes) @ 0x00000216299a0acc [0x00000216299a07a0+0x000000000000032c]
j  com.sun.javafx.reflect.Trampoline.invoke(Ljava/lang/reflect/Method;Ljava/lang/Object;[Ljava/lang/Object;)Ljava/lang/Object;+7
j  jdk.internal.reflect.GeneratedMethodAccessor2.invoke(Ljava/lang/Object;[Ljava/lang/Object;)Ljava/lang/Object;+40
J 1456 c1 jdk.internal.reflect.DelegatingMethodAccessorImpl.invoke(Ljava/lang/Object;[Ljava/lang/Object;)Ljava/lang/Object; java.base@11.0.10 (10 bytes) @ 0x00000216299ae6bc [0x00000216299ae5c0+0x00000000000000fc]
J 1423 c1 java.lang.reflect.Method.invoke(Ljava/lang/Object;[Ljava/lang/Object;)Ljava/lang/Object; java.base@11.0.10 (65 bytes) @ 0x00000216299a0acc [0x00000216299a07a0+0x000000000000032c]
j  com.sun.javafx.reflect.MethodUtil.invoke(Ljava/lang/reflect/Method;Ljava/lang/Object;[Ljava/lang/Object;)Ljava/lang/Object;+20 javafx.base
j  com.sun.javafx.fxml.MethodHelper.invoke(Ljava/lang/reflect/Method;Ljava/lang/Object;[Ljava/lang/Object;)Ljava/lang/Object;+142 javafx.fxml
j  javafx.fxml.FXMLLoader.loadImpl(Ljava/io/InputStream;Ljava/lang/Class;)Ljava/lang/Object;+346 javafx.fxml
j  javafx.fxml.FXMLLoader.loadImpl(Ljava/lang/Class;)Ljava/lang/Object;+30 javafx.fxml
j  javafx.fxml.FXMLLoader.loadImpl(Ljava/net/URL;Ljava/util/ResourceBundle;Ljavafx/util/BuilderFactory;Ljavafx/util/Callback;Ljava/nio/charset/Charset;Ljava/lang/Class;)Ljava/lang/Object;+34 javafx.fxml
j  javafx.fxml.FXMLLoader.loadImpl(Ljava/net/URL;Ljava/util/ResourceBundle;Ljavafx/util/BuilderFactory;Ljavafx/util/Callback;Ljava/lang/Class;)Ljava/lang/Object;+11 javafx.fxml
j  javafx.fxml.FXMLLoader.loadImpl(Ljava/net/URL;Ljava/util/ResourceBundle;Ljavafx/util/BuilderFactory;Ljava/lang/Class;)Ljava/lang/Object;+5 javafx.fxml
j  javafx.fxml.FXMLLoader.loadImpl(Ljava/net/URL;Ljava/util/ResourceBundle;Ljava/lang/Class;)Ljava/lang/Object;+4 javafx.fxml
j  javafx.fxml.FXMLLoader.loadImpl(Ljava/net/URL;Ljava/lang/Class;)Ljava/lang/Object;+3 javafx.fxml
j  javafx.fxml.FXMLLoader.load(Ljava/net/URL;)Ljava/lang/Object;+17 javafx.fxml
j  sample.Main.start(Ljavafx/stage/Stage;)V+9
j  com.sun.javafx.application.LauncherImpl.lambda$launchApplication1$9(Ljava/util/concurrent/atomic/AtomicBoolean;Ljavafx/application/Application;)V+20 javafx.graphics
j  com.sun.javafx.application.LauncherImpl$$Lambda$109.run()V+8 javafx.graphics
j  com.sun.javafx.application.PlatformImpl.lambda$runAndWait$12(Ljava/lang/Runnable;Ljava/util/concurrent/CountDownLatch;)V+1 javafx.graphics
j  com.sun.javafx.application.PlatformImpl$$Lambda$101.run()V+8 javafx.graphics
j  com.sun.javafx.application.PlatformImpl.lambda$runLater$10(Ljava/lang/Runnable;)Ljava/lang/Void;+1 javafx.graphics
j  com.sun.javafx.application.PlatformImpl$$Lambda$104.run()Ljava/lang/Object;+4 javafx.graphics
v  ~StubRoutines::call_stub
j  java.security.AccessController.doPrivileged(Ljava/security/PrivilegedAction;Ljava/security/AccessControlContext;)Ljava/lang/Object;+0 java.base@11.0.10
j  com.sun.javafx.application.PlatformImpl.lambda$runLater$11(Ljava/lang/Runnable;Ljava/security/AccessControlContext;)V+7 javafx.graphics
j  com.sun.javafx.application.PlatformImpl$$Lambda$103.run()V+8 javafx.graphics
j  com.sun.glass.ui.InvokeLaterDispatcher$Future.run()V+4 javafx.graphics
v  ~StubRoutines::call_stub
j  com.sun.glass.ui.win.WinApplication._runLoop(Ljava/lang/Runnable;)V+0 javafx.graphics
j  com.sun.glass.ui.win.WinApplication.lambda$runLoop$3(ILjava/lang/Runnable;)V+8 javafx.graphics
j  com.sun.glass.ui.win.WinApplication$$Lambda$92.run()V+12 javafx.graphics
j  java.lang.Thread.run()V+11 java.base@11.0.10
v  ~StubRoutines::call_stub

---------------  P R O C E S S  ---------------

Threads class SMR info:
_java_thread_list=0x0000021641f3f580, length=17, elements={
0x0000021620a69800, 0x00000216400eb800, 0x00000216400ec800, 0x0000021640a82800,
0x00000216400df000, 0x00000216400e0000, 0x00000216400e2000, 0x0000021640103000,
0x000002164010e000, 0x000002164006c000, 0x000002164137c000, 0x0000021640c41800,
0x0000021642360800, 0x0000021640f13800, 0x00000216418e1800, 0x0000021641d3c800,
0x0000021641f60000
}

Java Threads: ( => current thread )
  0x0000021620a69800 JavaThread "main" [_thread_blocked, id=13048, stack(0x00000031b0a00000,0x00000031b0b00000)]
  0x00000216400eb800 JavaThread "Reference Handler" daemon [_thread_blocked, id=11004, stack(0x00000031b1100000,0x00000031b1200000)]
  0x00000216400ec800 JavaThread "Finalizer" daemon [_thread_blocked, id=23344, stack(0x00000031b1200000,0x00000031b1300000)]
  0x0000021640a82800 JavaThread "Signal Dispatcher" daemon [_thread_blocked, id=6400, stack(0x00000031b1300000,0x00000031b1400000)]
  0x00000216400df000 JavaThread "Attach Listener" daemon [_thread_blocked, id=7324, stack(0x00000031b1400000,0x00000031b1500000)]
  0x00000216400e0000 JavaThread "Service Thread" daemon [_thread_blocked, id=20684, stack(0x00000031b1500000,0x00000031b1600000)]
  0x00000216400e2000 JavaThread "C2 CompilerThread0" daemon [_thread_in_native, id=14580, stack(0x00000031b1600000,0x00000031b1700000)]
  0x0000021640103000 JavaThread "C1 CompilerThread0" daemon [_thread_blocked, id=17732, stack(0x00000031b1700000,0x00000031b1800000)]
  0x000002164010e000 JavaThread "Sweeper thread" daemon [_thread_blocked, id=24960, stack(0x00000031b1800000,0x00000031b1900000)]
  0x000002164006c000 JavaThread "Common-Cleaner" daemon [_thread_blocked, id=27636, stack(0x00000031b1900000,0x00000031b1a00000)]
  0x000002164137c000 JavaThread "Monitor Ctrl-Break" daemon [_thread_in_native, id=25100, stack(0x00000031b1c00000,0x00000031b1d00000)]
  0x0000021640c41800 JavaThread "QuantumRenderer-0" daemon [_thread_blocked, id=7488, stack(0x00000031b1a00000,0x00000031b1b00000)]
  0x0000021642360800 JavaThread "InvokeLaterDispatcher" daemon [_thread_blocked, id=16612, stack(0x00000031b1b00000,0x00000031b1c00000)]
=>0x0000021640f13800 JavaThread "JavaFX Application Thread" [_thread_in_vm, id=16244, stack(0x00000031b1e00000,0x00000031b1f00000)]
  0x00000216418e1800 JavaThread "JavaFX-Launcher" [_thread_blocked, id=21932, stack(0x00000031b2300000,0x00000031b2400000)]
  0x0000021641d3c800 JavaThread "Thread-2" daemon [_thread_in_native, id=4456, stack(0x00000031b2200000,0x00000031b2300000)]
  0x0000021641f60000 JavaThread "C2 CompilerThread1" daemon [_thread_in_native, id=6820, stack(0x00000031b2400000,0x00000031b2500000)]

Other Threads:
  0x00000216400d4800 VMThread "VM Thread" [stack: 0x00000031b1000000,0x00000031b1100000] [id=27436]
  0x0000021641a73800 WatcherThread [stack: 0x00000031b1d00000,0x00000031b1e00000] [id=6196]
  0x0000021620a81800 GCTaskThread "GC Thread#0" [stack: 0x00000031b0b00000,0x00000031b0c00000] [id=6928]
  0x0000021641d2f800 GCTaskThread "GC Thread#1" [stack: 0x00000031b2500000,0x00000031b2600000] [id=20420]
  0x000002164245f800 GCTaskThread "GC Thread#2" [stack: 0x00000031b2600000,0x00000031b2700000] [id=17652]
  0x0000021641f6c800 GCTaskThread "GC Thread#3" [stack: 0x00000031b2700000,0x00000031b2800000] [id=10308]
  0x0000021641e80000 GCTaskThread "GC Thread#4" [stack: 0x00000031b2800000,0x00000031b2900000] [id=27996]
  0x0000021641e80800 GCTaskThread "GC Thread#5" [stack: 0x00000031b2900000,0x00000031b2a00000] [id=14672]
  0x0000021620ab2800 ConcurrentGCThread "G1 Main Marker" [stack: 0x00000031b0c00000,0x00000031b0d00000] [id=11848]
  0x0000021620ab4000 ConcurrentGCThread "G1 Conc#0" [stack: 0x00000031b0d00000,0x00000031b0e00000] [id=14900]
  0x00000216474e2000 ConcurrentGCThread "G1 Conc#1" [stack: 0x00000031b2b00000,0x00000031b2c00000] [id=28024]
  0x0000021620b49000 ConcurrentGCThread "G1 Refine#0" [stack: 0x00000031b0e00000,0x00000031b0f00000] [id=21208]
  0x00000216474e1000 ConcurrentGCThread "G1 Refine#1" [stack: 0x00000031b2a00000,0x00000031b2b00000] [id=6052]
  0x000002163ff20800 ConcurrentGCThread "G1 Young RemSet Sampling" [stack: 0x00000031b0f00000,0x00000031b1000000] [id=19020]

Threads with active compile tasks:
C2 CompilerThread0   4135 1612       4       com.sun.javafx.iio.gif.GIFImageLoader2::decodeImage (161 bytes)
C2 CompilerThread1   4135 1371   !   4       com.sun.javafx.css.ParsedValueImpl::readBinary (688 bytes)

VM state:not at safepoint (normal execution)

VM Mutex/Monitor currently owned by a thread:  ([mutex/lock_event])
[0x0000021620a65e10] Heap_lock - owner thread: 0x0000021640f13800

Heap address: 0x0000000083800000, size: 1992 MB, Compressed Oops mode: 32-bit
Narrow klass base: 0x0000000000000000, Narrow klass shift: 3
Compressed class space size: 1073741824 Address: 0x0000000100000000

Heap:
 garbage-first heap   total 202752K, used 199257K [0x0000000083800000, 0x0000000100000000)
  region size 1024K, 2 young (2048K), 1 survivors (1024K)
 Metaspace       used 18744K, capacity 19243K, committed 19328K, reserved 1067008K
  class space    used 2183K, capacity 2400K, committed 2432K, reserved 1048576K
Heap Regions: E=young(eden), S=young(survivor), O=old, HS=humongous(starts), HC=humongous(continues), CS=collection set, F=free, A=archive, TAMS=top-at-mark-start (previous, next)
|   0|0x0000000083800000, 0x0000000083900000, 0x0000000083900000|100%| O|  |TAMS 0x0000000083900000, 0x0000000083900000| Untracked 
|   1|0x0000000083900000, 0x0000000083a00000, 0x0000000083a00000|100%|HS|  |TAMS 0x0000000083a00000, 0x0000000083a00000| Complete 
|   2|0x0000000083a00000, 0x0000000083b00000, 0x0000000083b00000|100%|HS|  |TAMS 0x0000000083b00000, 0x0000000083b00000| Complete 
|   3|0x0000000083b00000, 0x0000000083c00000, 0x0000000083c00000|100%|HS|  |TAMS 0x0000000083c00000, 0x0000000083c00000| Complete 
|   4|0x0000000083c00000, 0x0000000083d00000, 0x0000000083d00000|100%|HS|  |TAMS 0x0000000083d00000, 0x0000000083d00000| Complete 
|   5|0x0000000083d00000, 0x0000000083e00000, 0x0000000083e00000|100%|HS|  |TAMS 0x0000000083e00000, 0x0000000083e00000| Complete 
|   6|0x0000000083e00000, 0x0000000083f00000, 0x0000000083f00000|100%|HS|  |TAMS 0x0000000083f00000, 0x0000000083f00000| Complete 
|   7|0x0000000083f00000, 0x0000000084000000, 0x0000000084000000|100%|HS|  |TAMS 0x0000000084000000, 0x0000000084000000| Complete 
|   8|0x0000000084000000, 0x0000000084100000, 0x0000000084100000|100%|HS|  |TAMS 0x0000000084100000, 0x0000000084100000| Complete 
|   9|0x0000000084100000, 0x0000000084200000, 0x0000000084200000|100%|HS|  |TAMS 0x0000000084200000, 0x0000000084200000| Complete 
|  10|0x0000000084200000, 0x0000000084300000, 0x0000000084300000|100%|HS|  |TAMS 0x0000000084300000, 0x0000000084300000| Complete 
|  11|0x0000000084300000, 0x0000000084400000, 0x0000000084400000|100%|HS|  |TAMS 0x0000000084400000, 0x0000000084400000| Complete 
|  12|0x0000000084400000, 0x0000000084500000, 0x0000000084500000|100%|HS|  |TAMS 0x0000000084500000, 0x0000000084500000| Complete 
|  13|0x0000000084500000, 0x0000000084600000, 0x0000000084600000|100%|HS|  |TAMS 0x0000000084600000, 0x0000000084600000| Complete 
|  14|0x0000000084600000, 0x0000000084700000, 0x0000000084700000|100%|HS|  |TAMS 0x0000000084700000, 0x0000000084700000| Complete 
|  15|0x0000000084700000, 0x0000000084800000, 0x0000000084800000|100%|HS|  |TAMS 0x0000000084800000, 0x0000000084800000| Complete 
|  16|0x0000000084800000, 0x0000000084900000, 0x0000000084900000|100%|HS|  |TAMS 0x0000000084900000, 0x0000000084900000| Complete 
|  17|0x0000000084900000, 0x0000000084a00000, 0x0000000084a00000|100%|HS|  |TAMS 0x0000000084a00000, 0x0000000084a00000| Complete 
|  18|0x0000000084a00000, 0x0000000084b00000, 0x0000000084b00000|100%|HS|  |TAMS 0x0000000084b00000, 0x0000000084b00000| Complete 
|  19|0x0000000084b00000, 0x0000000084c00000, 0x0000000084c00000|100%|HS|  |TAMS 0x0000000084c00000, 0x0000000084c00000| Complete 
|  20|0x0000000084c00000, 0x0000000084d00000, 0x0000000084d00000|100%|HS|  |TAMS 0x0000000084d00000, 0x0000000084d00000| Complete 
|  21|0x0000000084d00000, 0x0000000084e00000, 0x0000000084e00000|100%|HS|  |TAMS 0x0000000084e00000, 0x0000000084e00000| Complete 
|  22|0x0000000084e00000, 0x0000000084f00000, 0x0000000084f00000|100%|HS|  |TAMS 0x0000000084f00000, 0x0000000084f00000| Complete 
|  23|0x0000000084f00000, 0x0000000085000000, 0x0000000085000000|100%|HS|  |TAMS 0x0000000085000000, 0x0000000085000000| Complete 
|  24|0x0000000085000000, 0x0000000085100000, 0x0000000085100000|100%|HS|  |TAMS 0x0000000085100000, 0x0000000085100000| Complete 
|  25|0x0000000085100000, 0x0000000085200000, 0x0000000085200000|100%|HS|  |TAMS 0x0000000085200000, 0x0000000085200000| Complete 
|  26|0x0000000085200000, 0x0000000085300000, 0x0000000085300000|100%|HS|  |TAMS 0x0000000085300000, 0x0000000085300000| Complete 
|  27|0x0000000085300000, 0x0000000085400000, 0x0000000085400000|100%|HS|  |TAMS 0x0000000085400000, 0x0000000085400000| Complete 
|  28|0x0000000085400000, 0x0000000085500000, 0x0000000085500000|100%|HS|  |TAMS 0x0000000085500000, 0x0000000085500000| Complete 
|  29|0x0000000085500000, 0x0000000085600000, 0x0000000085600000|100%|HS|  |TAMS 0x0000000085600000, 0x0000000085600000| Complete 
|  30|0x0000000085600000, 0x0000000085700000, 0x0000000085700000|100%|HS|  |TAMS 0x0000000085700000, 0x0000000085700000| Complete 
|  31|0x0000000085700000, 0x0000000085800000, 0x0000000085800000|100%|HS|  |TAMS 0x0000000085800000, 0x0000000085800000| Complete 
|  32|0x0000000085800000, 0x0000000085900000, 0x0000000085900000|100%|HS|  |TAMS 0x0000000085900000, 0x0000000085900000| Complete 
|  33|0x0000000085900000, 0x0000000085a00000, 0x0000000085a00000|100%|HS|  |TAMS 0x0000000085a00000, 0x0000000085a00000| Complete 
|  34|0x0000000085a00000, 0x0000000085b00000, 0x0000000085b00000|100%|HS|  |TAMS 0x0000000085b00000, 0x0000000085b00000| Complete 
|  35|0x0000000085b00000, 0x0000000085c00000, 0x0000000085c00000|100%|HS|  |TAMS 0x0000000085c00000, 0x0000000085c00000| Complete 
|  36|0x0000000085c00000, 0x0000000085d00000, 0x0000000085d00000|100%|HS|  |TAMS 0x0000000085d00000, 0x0000000085d00000| Complete 
|  37|0x0000000085d00000, 0x0000000085e00000, 0x0000000085e00000|100%|HS|  |TAMS 0x0000000085e00000, 0x0000000085e00000| Complete 
|  38|0x0000000085e00000, 0x0000000085f00000, 0x0000000085f00000|100%|HS|  |TAMS 0x0000000085f00000, 0x0000000085f00000| Complete 
|  39|0x0000000085f00000, 0x0000000086000000, 0x0000000086000000|100%|HS|  |TAMS 0x0000000086000000, 0x0000000086000000| Complete 
|  40|0x0000000086000000, 0x0000000086100000, 0x0000000086100000|100%|HS|  |TAMS 0x0000000086100000, 0x0000000086100000| Complete 
|  41|0x0000000086100000, 0x0000000086200000, 0x0000000086200000|100%|HS|  |TAMS 0x0000000086200000, 0x0000000086200000| Complete 
|  42|0x0000000086200000, 0x0000000086300000, 0x0000000086300000|100%|HS|  |TAMS 0x0000000086300000, 0x0000000086300000| Complete 
|  43|0x0000000086300000, 0x0000000086400000, 0x0000000086400000|100%|HS|  |TAMS 0x0000000086400000, 0x0000000086400000| Complete 
|  44|0x0000000086400000, 0x0000000086500000, 0x0000000086500000|100%|HS|  |TAMS 0x0000000086500000, 0x0000000086500000| Complete 
|  45|0x0000000086500000, 0x0000000086600000, 0x0000000086600000|100%|HS|  |TAMS 0x0000000086600000, 0x0000000086600000| Complete 
|  46|0x0000000086600000, 0x0000000086700000, 0x0000000086700000|100%|HS|  |TAMS 0x0000000086700000, 0x0000000086700000| Complete 
|  47|0x0000000086700000, 0x0000000086800000, 0x0000000086800000|100%|HS|  |TAMS 0x0000000086800000, 0x0000000086800000| Complete 
|  48|0x0000000086800000, 0x0000000086900000, 0x0000000086900000|100%|HS|  |TAMS 0x0000000086900000, 0x0000000086900000| Complete 
|  49|0x0000000086900000, 0x0000000086a00000, 0x0000000086a00000|100%|HS|  |TAMS 0x0000000086a00000, 0x0000000086a00000| Complete 
|  50|0x0000000086a00000, 0x0000000086b00000, 0x0000000086b00000|100%|HS|  |TAMS 0x0000000086b00000, 0x0000000086b00000| Complete 
|  51|0x0000000086b00000, 0x0000000086c00000, 0x0000000086c00000|100%|HS|  |TAMS 0x0000000086c00000, 0x0000000086c00000| Complete 
|  52|0x0000000086c00000, 0x0000000086d00000, 0x0000000086d00000|100%|HS|  |TAMS 0x0000000086d00000, 0x0000000086d00000| Complete 
|  53|0x0000000086d00000, 0x0000000086e00000, 0x0000000086e00000|100%|HS|  |TAMS 0x0000000086e00000, 0x0000000086e00000| Complete 
|  54|0x0000000086e00000, 0x0000000086f00000, 0x0000000086f00000|100%|HS|  |TAMS 0x0000000086f00000, 0x0000000086f00000| Complete 
|  55|0x0000000086f00000, 0x0000000087000000, 0x0000000087000000|100%|HS|  |TAMS 0x0000000087000000, 0x0000000087000000| Complete 
|  56|0x0000000087000000, 0x0000000087100000, 0x0000000087100000|100%|HS|  |TAMS 0x0000000087100000, 0x0000000087100000| Complete 
|  57|0x0000000087100000, 0x0000000087200000, 0x0000000087200000|100%|HS|  |TAMS 0x0000000087200000, 0x0000000087200000| Complete 
|  58|0x0000000087200000, 0x0000000087300000, 0x0000000087300000|100%|HS|  |TAMS 0x0000000087300000, 0x0000000087300000| Complete 
|  59|0x0000000087300000, 0x0000000087400000, 0x0000000087400000|100%|HS|  |TAMS 0x0000000087400000, 0x0000000087400000| Complete 
|  60|0x0000000087400000, 0x0000000087500000, 0x0000000087500000|100%|HS|  |TAMS 0x0000000087500000, 0x0000000087500000| Complete 
|  61|0x0000000087500000, 0x0000000087600000, 0x0000000087600000|100%|HS|  |TAMS 0x0000000087600000, 0x0000000087600000| Complete 
|  62|0x0000000087600000, 0x0000000087700000, 0x0000000087700000|100%|HS|  |TAMS 0x0000000087700000, 0x0000000087700000| Complete 
|  63|0x0000000087700000, 0x0000000087800000, 0x0000000087800000|100%|HS|  |TAMS 0x0000000087800000, 0x0000000087800000| Complete 
|  64|0x0000000087800000, 0x0000000087900000, 0x0000000087900000|100%|HS|  |TAMS 0x0000000087900000, 0x0000000087900000| Complete 
|  65|0x0000000087900000, 0x0000000087a00000, 0x0000000087a00000|100%| O|  |TAMS 0x0000000087a00000, 0x0000000087a00000| Untracked 
|  66|0x0000000087a00000, 0x0000000087b00000, 0x0000000087b00000|100%| O|  |TAMS 0x0000000087b00000, 0x0000000087b00000| Untracked 
|  67|0x0000000087b00000, 0x0000000087c00000, 0x0000000087c00000|100%| O|  |TAMS 0x0000000087c00000, 0x0000000087c00000| Untracked 
|  68|0x0000000087c00000, 0x0000000087d00000, 0x0000000087d00000|100%| O|  |TAMS 0x0000000087d00000, 0x0000000087d00000| Untracked 
|  69|0x0000000087d00000, 0x0000000087e00000, 0x0000000087e00000|100%| O|  |TAMS 0x0000000087e00000, 0x0000000087e00000| Untracked 
|  70|0x0000000087e00000, 0x0000000087e70a00, 0x0000000087f00000| 43%| O|  |TAMS 0x0000000087e70a00, 0x0000000087e70a00| Untracked 
|  71|0x0000000087f00000, 0x0000000088000000, 0x0000000088000000|100%|HS|  |TAMS 0x0000000088000000, 0x0000000088000000| Complete 
|  72|0x0000000088000000, 0x0000000088100000, 0x0000000088100000|100%|HS|  |TAMS 0x0000000088100000, 0x0000000088100000| Complete 
|  73|0x0000000088100000, 0x0000000088200000, 0x0000000088200000|100%|HS|  |TAMS 0x0000000088200000, 0x0000000088200000| Complete 
|  74|0x0000000088200000, 0x0000000088300000, 0x0000000088300000|100%|HS|  |TAMS 0x0000000088300000, 0x0000000088300000| Complete 
|  75|0x0000000088300000, 0x0000000088400000, 0x0000000088400000|100%|HS|  |TAMS 0x0000000088400000, 0x0000000088400000| Complete 
|  76|0x0000000088400000, 0x0000000088500000, 0x0000000088500000|100%|HS|  |TAMS 0x0000000088500000, 0x0000000088500000| Complete 
|  77|0x0000000088500000, 0x0000000088600000, 0x0000000088600000|100%|HS|  |TAMS 0x0000000088600000, 0x0000000088600000| Complete 
|  78|0x0000000088600000, 0x0000000088700000, 0x0000000088700000|100%|HS|  |TAMS 0x0000000088700000, 0x0000000088700000| Complete 
|  79|0x0000000088700000, 0x0000000088800000, 0x0000000088800000|100%|HS|  |TAMS 0x0000000088800000, 0x0000000088800000| Complete 
|  80|0x0000000088800000, 0x0000000088900000, 0x0000000088900000|100%|HS|  |TAMS 0x0000000088900000, 0x0000000088900000| Complete 
|  81|0x0000000088900000, 0x0000000088a00000, 0x0000000088a00000|100%|HS|  |TAMS 0x0000000088a00000, 0x0000000088a00000| Complete 
|  82|0x0000000088a00000, 0x0000000088b00000, 0x0000000088b00000|100%|HS|  |TAMS 0x0000000088b00000, 0x0000000088b00000| Complete 
|  83|0x0000000088b00000, 0x0000000088c00000, 0x0000000088c00000|100%|HS|  |TAMS 0x0000000088c00000, 0x0000000088c00000| Complete 
|  84|0x0000000088c00000, 0x0000000088d00000, 0x0000000088d00000|100%|HS|  |TAMS 0x0000000088d00000, 0x0000000088d00000| Complete 
|  85|0x0000000088d00000, 0x0000000088e00000, 0x0000000088e00000|100%|HS|  |TAMS 0x0000000088e00000, 0x0000000088e00000| Complete 
|  86|0x0000000088e00000, 0x0000000088f00000, 0x0000000088f00000|100%|HS|  |TAMS 0x0000000088f00000, 0x0000000088f00000| Complete 
|  87|0x0000000088f00000, 0x0000000089000000, 0x0000000089000000|100%|HS|  |TAMS 0x0000000089000000, 0x0000000089000000| Complete 
|  88|0x0000000089000000, 0x0000000089100000, 0x0000000089100000|100%|HS|  |TAMS 0x0000000089100000, 0x0000000089100000| Complete 
|  89|0x0000000089100000, 0x0000000089200000, 0x0000000089200000|100%|HS|  |TAMS 0x0000000089200000, 0x0000000089200000| Complete 
|  90|0x0000000089200000, 0x0000000089300000, 0x0000000089300000|100%|HS|  |TAMS 0x0000000089300000, 0x0000000089300000| Complete 
|  91|0x0000000089300000, 0x0000000089400000, 0x0000000089400000|100%|HS|  |TAMS 0x0000000089400000, 0x0000000089400000| Complete 
|  92|0x0000000089400000, 0x0000000089500000, 0x0000000089500000|100%|HS|  |TAMS 0x0000000089500000, 0x0000000089500000| Complete 
|  93|0x0000000089500000, 0x0000000089600000, 0x0000000089600000|100%|HS|  |TAMS 0x0000000089600000, 0x0000000089600000| Complete 
|  94|0x0000000089600000, 0x0000000089700000, 0x0000000089700000|100%|HS|  |TAMS 0x0000000089700000, 0x0000000089700000| Complete 
|  95|0x0000000089700000, 0x0000000089800000, 0x0000000089800000|100%|HS|  |TAMS 0x0000000089800000, 0x0000000089800000| Complete 
|  96|0x0000000089800000, 0x0000000089900000, 0x0000000089900000|100%|HS|  |TAMS 0x0000000089900000, 0x0000000089900000| Complete 
|  97|0x0000000089900000, 0x0000000089a00000, 0x0000000089a00000|100%|HS|  |TAMS 0x0000000089a00000, 0x0000000089a00000| Complete 
|  98|0x0000000089a00000, 0x0000000089b00000, 0x0000000089b00000|100%|HS|  |TAMS 0x0000000089b00000, 0x0000000089b00000| Complete 
|  99|0x0000000089b00000, 0x0000000089c00000, 0x0000000089c00000|100%|HS|  |TAMS 0x0000000089c00000, 0x0000000089c00000| Complete 
| 100|0x0000000089c00000, 0x0000000089d00000, 0x0000000089d00000|100%|HS|  |TAMS 0x0000000089d00000, 0x0000000089d00000| Complete 
| 101|0x0000000089d00000, 0x0000000089e00000, 0x0000000089e00000|100%|HS|  |TAMS 0x0000000089e00000, 0x0000000089e00000| Complete 
| 102|0x0000000089e00000, 0x0000000089f00000, 0x0000000089f00000|100%|HS|  |TAMS 0x0000000089f00000, 0x0000000089f00000| Complete 
| 103|0x0000000089f00000, 0x000000008a000000, 0x000000008a000000|100%|HS|  |TAMS 0x000000008a000000, 0x000000008a000000| Complete 
| 104|0x000000008a000000, 0x000000008a100000, 0x000000008a100000|100%|HS|  |TAMS 0x000000008a100000, 0x000000008a100000| Complete 
| 105|0x000000008a100000, 0x000000008a200000, 0x000000008a200000|100%|HS|  |TAMS 0x000000008a200000, 0x000000008a200000| Complete 
| 106|0x000000008a200000, 0x000000008a300000, 0x000000008a300000|100%|HS|  |TAMS 0x000000008a300000, 0x000000008a300000| Complete 
| 107|0x000000008a300000, 0x000000008a400000, 0x000000008a400000|100%|HS|  |TAMS 0x000000008a400000, 0x000000008a400000| Complete 
| 108|0x000000008a400000, 0x000000008a500000, 0x000000008a500000|100%|HS|  |TAMS 0x000000008a500000, 0x000000008a500000| Complete 
| 109|0x000000008a500000, 0x000000008a600000, 0x000000008a600000|100%|HS|  |TAMS 0x000000008a600000, 0x000000008a600000| Complete 
| 110|0x000000008a600000, 0x000000008a700000, 0x000000008a700000|100%|HS|  |TAMS 0x000000008a700000, 0x000000008a700000| Complete 
| 111|0x000000008a700000, 0x000000008a800000, 0x000000008a800000|100%|HS|  |TAMS 0x000000008a800000, 0x000000008a800000| Complete 
| 112|0x000000008a800000, 0x000000008a900000, 0x000000008a900000|100%|HS|  |TAMS 0x000000008a900000, 0x000000008a900000| Complete 
| 113|0x000000008a900000, 0x000000008aa00000, 0x000000008aa00000|100%|HS|  |TAMS 0x000000008aa00000, 0x000000008aa00000| Complete 
| 114|0x000000008aa00000, 0x000000008ab00000, 0x000000008ab00000|100%|HS|  |TAMS 0x000000008ab00000, 0x000000008ab00000| Complete 
| 115|0x000000008ab00000, 0x000000008ac00000, 0x000000008ac00000|100%|HS|  |TAMS 0x000000008ac00000, 0x000000008ac00000| Complete 
| 116|0x000000008ac00000, 0x000000008ad00000, 0x000000008ad00000|100%|HS|  |TAMS 0x000000008ad00000, 0x000000008ad00000| Complete 
| 117|0x000000008ad00000, 0x000000008ae00000, 0x000000008ae00000|100%|HS|  |TAMS 0x000000008ae00000, 0x000000008ae00000| Complete 
| 118|0x000000008ae00000, 0x000000008af00000, 0x000000008af00000|100%|HS|  |TAMS 0x000000008af00000, 0x000000008af00000| Complete 
| 119|0x000000008af00000, 0x000000008b000000, 0x000000008b000000|100%|HS|  |TAMS 0x000000008b000000, 0x000000008b000000| Complete 
| 120|0x000000008b000000, 0x000000008b100000, 0x000000008b100000|100%|HS|  |TAMS 0x000000008b100000, 0x000000008b100000| Complete 
| 121|0x000000008b100000, 0x000000008b200000, 0x000000008b200000|100%|HS|  |TAMS 0x000000008b200000, 0x000000008b200000| Complete 
| 122|0x000000008b200000, 0x000000008b300000, 0x000000008b300000|100%|HS|  |TAMS 0x000000008b300000, 0x000000008b300000| Complete 
| 123|0x000000008b300000, 0x000000008b400000, 0x000000008b400000|100%|HC|  |TAMS 0x000000008b400000, 0x000000008b400000| Complete 
| 124|0x000000008b400000, 0x000000008b500000, 0x000000008b500000|100%|HS|  |TAMS 0x000000008b500000, 0x000000008b500000| Complete 
| 125|0x000000008b500000, 0x000000008b600000, 0x000000008b600000|100%|HS|  |TAMS 0x000000008b600000, 0x000000008b600000| Complete 
| 126|0x000000008b600000, 0x000000008b700000, 0x000000008b700000|100%|HS|  |TAMS 0x000000008b700000, 0x000000008b700000| Complete 
| 127|0x000000008b700000, 0x000000008b800000, 0x000000008b800000|100%|HS|  |TAMS 0x000000008b800000, 0x000000008b800000| Complete 
| 128|0x000000008b800000, 0x000000008b900000, 0x000000008b900000|100%|HS|  |TAMS 0x000000008b900000, 0x000000008b900000| Complete 
| 129|0x000000008b900000, 0x000000008ba00000, 0x000000008ba00000|100%|HS|  |TAMS 0x000000008ba00000, 0x000000008ba00000| Complete 
| 130|0x000000008ba00000, 0x000000008bb00000, 0x000000008bb00000|100%|HS|  |TAMS 0x000000008bb00000, 0x000000008bb00000| Complete 
| 131|0x000000008bb00000, 0x000000008bc00000, 0x000000008bc00000|100%|HS|  |TAMS 0x000000008bc00000, 0x000000008bc00000| Complete 
| 132|0x000000008bc00000, 0x000000008bd00000, 0x000000008bd00000|100%|HS|  |TAMS 0x000000008bd00000, 0x000000008bd00000| Complete 
| 133|0x000000008bd00000, 0x000000008be00000, 0x000000008be00000|100%|HS|  |TAMS 0x000000008be00000, 0x000000008be00000| Complete 
| 134|0x000000008be00000, 0x000000008bf00000, 0x000000008bf00000|100%|HS|  |TAMS 0x000000008bf00000, 0x000000008bf00000| Complete 
| 135|0x000000008bf00000, 0x000000008c000000, 0x000000008c000000|100%|HS|  |TAMS 0x000000008c000000, 0x000000008c000000| Complete 
| 136|0x000000008c000000, 0x000000008c100000, 0x000000008c100000|100%|HS|  |TAMS 0x000000008c100000, 0x000000008c100000| Complete 
| 137|0x000000008c100000, 0x000000008c200000, 0x000000008c200000|100%|HS|  |TAMS 0x000000008c200000, 0x000000008c200000| Complete 
| 138|0x000000008c200000, 0x000000008c300000, 0x000000008c300000|100%|HS|  |TAMS 0x000000008c300000, 0x000000008c300000| Complete 
| 139|0x000000008c300000, 0x000000008c400000, 0x000000008c400000|100%|HS|  |TAMS 0x000000008c400000, 0x000000008c400000| Complete 
| 140|0x000000008c400000, 0x000000008c500000, 0x000000008c500000|100%|HS|  |TAMS 0x000000008c500000, 0x000000008c500000| Complete 
| 141|0x000000008c500000, 0x000000008c600000, 0x000000008c600000|100%|HS|  |TAMS 0x000000008c600000, 0x000000008c600000| Complete 
| 142|0x000000008c600000, 0x000000008c700000, 0x000000008c700000|100%|HS|  |TAMS 0x000000008c700000, 0x000000008c700000| Complete 
| 143|0x000000008c700000, 0x000000008c800000, 0x000000008c800000|100%|HS|  |TAMS 0x000000008c800000, 0x000000008c800000| Complete 
| 144|0x000000008c800000, 0x000000008c900000, 0x000000008c900000|100%|HS|  |TAMS 0x000000008c900000, 0x000000008c900000| Complete 
| 145|0x000000008c900000, 0x000000008ca00000, 0x000000008ca00000|100%|HS|  |TAMS 0x000000008ca00000, 0x000000008ca00000| Complete 
| 146|0x000000008ca00000, 0x000000008cb00000, 0x000000008cb00000|100%|HS|  |TAMS 0x000000008cb00000, 0x000000008cb00000| Complete 
| 147|0x000000008cb00000, 0x000000008cc00000, 0x000000008cc00000|100%|HS|  |TAMS 0x000000008cc00000, 0x000000008cc00000| Complete 
| 148|0x000000008cc00000, 0x000000008cd00000, 0x000000008cd00000|100%|HS|  |TAMS 0x000000008cd00000, 0x000000008cd00000| Complete 
| 149|0x000000008cd00000, 0x000000008ce00000, 0x000000008ce00000|100%|HS|  |TAMS 0x000000008ce00000, 0x000000008ce00000| Complete 
| 150|0x000000008ce00000, 0x000000008cf00000, 0x000000008cf00000|100%|HS|  |TAMS 0x000000008cf00000, 0x000000008cf00000| Complete 
| 151|0x000000008cf00000, 0x000000008d000000, 0x000000008d000000|100%|HS|  |TAMS 0x000000008d000000, 0x000000008d000000| Complete 
| 152|0x000000008d000000, 0x000000008d100000, 0x000000008d100000|100%|HS|  |TAMS 0x000000008d100000, 0x000000008d100000| Complete 
| 153|0x000000008d100000, 0x000000008d200000, 0x000000008d200000|100%|HS|  |TAMS 0x000000008d200000, 0x000000008d200000| Complete 
| 154|0x000000008d200000, 0x000000008d300000, 0x000000008d300000|100%|HS|  |TAMS 0x000000008d300000, 0x000000008d300000| Complete 
| 155|0x000000008d300000, 0x000000008d400000, 0x000000008d400000|100%|HS|  |TAMS 0x000000008d400000, 0x000000008d400000| Complete 
| 156|0x000000008d400000, 0x000000008d500000, 0x000000008d500000|100%|HS|  |TAMS 0x000000008d500000, 0x000000008d500000| Complete 
| 157|0x000000008d500000, 0x000000008d600000, 0x000000008d600000|100%|HS|  |TAMS 0x000000008d600000, 0x000000008d600000| Complete 
| 158|0x000000008d600000, 0x000000008d700000, 0x000000008d700000|100%|HS|  |TAMS 0x000000008d600000, 0x000000008d700000| Complete 
| 159|0x000000008d700000, 0x000000008d800000, 0x000000008d800000|100%|HS|  |TAMS 0x000000008d800000, 0x000000008d800000| Complete 
| 160|0x000000008d800000, 0x000000008d900000, 0x000000008d900000|100%|HS|  |TAMS 0x000000008d900000, 0x000000008d900000| Complete 
| 161|0x000000008d900000, 0x000000008da00000, 0x000000008da00000|100%|HS|  |TAMS 0x000000008da00000, 0x000000008da00000| Complete 
| 162|0x000000008da00000, 0x000000008db00000, 0x000000008db00000|100%|HS|  |TAMS 0x000000008db00000, 0x000000008db00000| Complete 
| 163|0x000000008db00000, 0x000000008dc00000, 0x000000008dc00000|100%|HS|  |TAMS 0x000000008dc00000, 0x000000008dc00000| Complete 
| 164|0x000000008dc00000, 0x000000008dd00000, 0x000000008dd00000|100%|HS|  |TAMS 0x000000008dd00000, 0x000000008dd00000| Complete 
| 165|0x000000008dd00000, 0x000000008de00000, 0x000000008de00000|100%|HS|  |TAMS 0x000000008de00000, 0x000000008de00000| Complete 
| 166|0x000000008de00000, 0x000000008df00000, 0x000000008df00000|100%|HS|  |TAMS 0x000000008df00000, 0x000000008df00000| Complete 
| 167|0x000000008df00000, 0x000000008e000000, 0x000000008e000000|100%|HS|  |TAMS 0x000000008e000000, 0x000000008e000000| Complete 
| 168|0x000000008e000000, 0x000000008e100000, 0x000000008e100000|100%|HS|  |TAMS 0x000000008e100000, 0x000000008e100000| Complete 
| 169|0x000000008e100000, 0x000000008e200000, 0x000000008e200000|100%|HS|  |TAMS 0x000000008e200000, 0x000000008e200000| Complete 
| 170|0x000000008e200000, 0x000000008e300000, 0x000000008e300000|100%|HS|  |TAMS 0x000000008e300000, 0x000000008e300000| Complete 
| 171|0x000000008e300000, 0x000000008e400000, 0x000000008e400000|100%|HS|  |TAMS 0x000000008e400000, 0x000000008e400000| Complete 
| 172|0x000000008e400000, 0x000000008e500000, 0x000000008e500000|100%|HS|  |TAMS 0x000000008e500000, 0x000000008e500000| Complete 
| 173|0x000000008e500000, 0x000000008e600000, 0x000000008e600000|100%|HS|  |TAMS 0x000000008e600000, 0x000000008e600000| Complete 
| 174|0x000000008e600000, 0x000000008e700000, 0x000000008e700000|100%|HS|  |TAMS 0x000000008e700000, 0x000000008e700000| Complete 
| 175|0x000000008e700000, 0x000000008e800000, 0x000000008e800000|100%|HS|  |TAMS 0x000000008e800000, 0x000000008e800000| Complete 
| 176|0x000000008e800000, 0x000000008e900000, 0x000000008e900000|100%|HS|  |TAMS 0x000000008e900000, 0x000000008e900000| Complete 
| 177|0x000000008e900000, 0x000000008ea00000, 0x000000008ea00000|100%|HS|  |TAMS 0x000000008e900000, 0x000000008ea00000| Complete 
| 178|0x000000008ea00000, 0x000000008eb00000, 0x000000008eb00000|100%|HS|  |TAMS 0x000000008ea00000, 0x000000008eb00000| Complete 
| 179|0x000000008eb00000, 0x000000008ec00000, 0x000000008ec00000|100%|HS|  |TAMS 0x000000008eb00000, 0x000000008ec00000| Complete 
| 180|0x000000008ec00000, 0x000000008ed00000, 0x000000008ed00000|100%|HS|  |TAMS 0x000000008ec00000, 0x000000008ed00000| Complete 
| 181|0x000000008ed00000, 0x000000008ee00000, 0x000000008ee00000|100%|HS|  |TAMS 0x000000008ed00000, 0x000000008ee00000| Complete 
| 182|0x000000008ee00000, 0x000000008ef00000, 0x000000008ef00000|100%|HS|  |TAMS 0x000000008ee00000, 0x000000008ef00000| Complete 
| 183|0x000000008ef00000, 0x000000008f000000, 0x000000008f000000|100%|HS|  |TAMS 0x000000008ef00000, 0x000000008f000000| Complete 
| 184|0x000000008f000000, 0x000000008f100000, 0x000000008f100000|100%|HS|  |TAMS 0x000000008f000000, 0x000000008f100000| Complete 
| 185|0x000000008f100000, 0x000000008f200000, 0x000000008f200000|100%|HS|  |TAMS 0x000000008f100000, 0x000000008f200000| Complete 
| 186|0x000000008f200000, 0x000000008f300000, 0x000000008f300000|100%|HS|  |TAMS 0x000000008f200000, 0x000000008f300000| Complete 
| 187|0x000000008f300000, 0x000000008f400000, 0x000000008f400000|100%|HS|  |TAMS 0x000000008f300000, 0x000000008f400000| Complete 
| 188|0x000000008f400000, 0x000000008f500000, 0x000000008f500000|100%|HS|  |TAMS 0x000000008f400000, 0x000000008f500000| Complete 
| 189|0x000000008f500000, 0x000000008f600000, 0x000000008f600000|100%|HS|  |TAMS 0x000000008f500000, 0x000000008f600000| Complete 
| 190|0x000000008f600000, 0x000000008f700000, 0x000000008f700000|100%|HS|  |TAMS 0x000000008f600000, 0x000000008f600000| Complete 
| 191|0x000000008f700000, 0x000000008f800000, 0x000000008f800000|100%|HS|  |TAMS 0x000000008f700000, 0x000000008f800000| Complete 
| 192|0x000000008f800000, 0x000000008f837970, 0x000000008f900000| 21%| E|  |TAMS 0x000000008f800000, 0x000000008f800000| Complete 
| 193|0x000000008f900000, 0x000000008fa00000, 0x000000008fa00000|100%|HS|  |TAMS 0x000000008f900000, 0x000000008fa00000| Complete 
| 194|0x000000008fa00000, 0x000000008fa25ca8, 0x000000008fb00000| 14%| S|CS|TAMS 0x000000008fa00000, 0x000000008fa00000| Complete 
| 195|0x000000008fb00000, 0x000000008fc00000, 0x000000008fc00000|100%|HS|  |TAMS 0x000000008fb00000, 0x000000008fb00000| Complete 
| 196|0x000000008fc00000, 0x000000008fd00000, 0x000000008fd00000|100%|HS|  |TAMS 0x000000008fc00000, 0x000000008fc00000| Complete 

Card table byte_map: [0x0000021638fe0000,0x00000216393d0000] _byte_map_base: 0x0000021638bc4000

Marking Bits (Prev, Next): (CMBitMap*) 0x0000021620aa9d18, (CMBitMap*) 0x0000021620aa9d50
 Prev Bits: [0x00000216397c0000, 0x000002163b6e0000)
 Next Bits: [0x000002163b6e0000, 0x000002163d600000)

Polling page: 0x0000021629160000

Metaspace:

Usage:
  Non-class:     16.45 MB capacity,    16.17 MB ( 98%) used,   227.76 KB (  1%) free+waste,    54.06 KB ( <1%) overhead. 
      Class:      2.34 MB capacity,     2.13 MB ( 91%) used,   190.07 KB (  8%) free+waste,    26.63 KB (  1%) overhead. 
       Both:     18.79 MB capacity,    18.31 MB ( 97%) used,   417.83 KB (  2%) free+waste,    80.69 KB ( <1%) overhead. 

Virtual space:
  Non-class space:       18.00 MB reserved,      16.50 MB ( 92%) committed 
      Class space:        1.00 GB reserved,       2.38 MB ( <1%) committed 
             Both:        1.02 GB reserved,      18.88 MB (  2%) committed 

Chunk freelists:
   Non-Class:  53.00 KB
       Class:  0 bytes
        Both:  53.00 KB

MaxMetaspaceSize: 17179869184.00 GB
CompressedClassSpaceSize: 1.00 GB

CodeHeap 'non-profiled nmethods': size=120000Kb used=680Kb max_used=680Kb free=119319Kb
 bounds [0x0000021630c50000, 0x0000021630ec0000, 0x0000021638180000]
CodeHeap 'profiled nmethods': size=120000Kb used=2929Kb max_used=2929Kb free=117071Kb
 bounds [0x0000021629720000, 0x0000021629a00000, 0x0000021630c50000]
CodeHeap 'non-nmethods': size=5760Kb used=1234Kb max_used=1249Kb free=4525Kb
 bounds [0x0000021629180000, 0x00000216293f0000, 0x0000021629720000]
 total_blobs=2209 nmethods=1609 adapters=511
 compilation: enabled
              stopped_count=0, restarted_count=0
 full_count=0

Compilation events (20 events):
Event: 3.969 Thread 0x0000021640103000 1603       3       java.io.BufferedInputStream::fill (236 bytes)
Event: 3.970 Thread 0x0000021640103000 nmethod 1603 0x00000216299f7010 code [0x00000216299f7280, 0x00000216299f7e28]
Event: 3.976 Thread 0x0000021640103000 1604       3       com.sun.javafx.iio.png.PNGImageLoader2::doFilter (71 bytes)
Event: 3.977 Thread 0x0000021640103000 nmethod 1604 0x00000216299f8110 code [0x00000216299f8300, 0x00000216299f85b8]
Event: 3.981 Thread 0x0000021640103000 1606       3       java.util.zip.InflaterInputStream::available (32 bytes)
Event: 3.982 Thread 0x0000021640103000 nmethod 1606 0x00000216299f8690 code [0x00000216299f8880, 0x00000216299f8da8]
Event: 3.982 Thread 0x0000021640103000 1607       3       java.io.DataInputStream::read (11 bytes)
Event: 3.982 Thread 0x0000021640103000 nmethod 1607 0x00000216299f8f90 code [0x00000216299f9140, 0x00000216299f9308]
Event: 3.982 Thread 0x0000021640103000 1609       3       com.sun.javafx.iio.png.PNGIDATChunkInputStream::read (128 bytes)
Event: 3.983 Thread 0x0000021640103000 nmethod 1609 0x00000216299f9410 code [0x00000216299f9620, 0x00000216299f9c98]
Event: 3.983 Thread 0x0000021640103000 1608       3       java.util.zip.InflaterInputStream::fill (60 bytes)
Event: 3.983 Thread 0x0000021640103000 nmethod 1608 0x00000216299f9f10 code [0x00000216299fa120, 0x00000216299fa5d8]
Event: 3.997 Thread 0x0000021640103000 1611       3       java.io.WinNTFileSystem::prefixLength (91 bytes)
Event: 4.001 Thread 0x0000021640103000 nmethod 1611 0x00000216299fa790 code [0x00000216299faaa0, 0x00000216299fbd98]
Event: 4.010 Thread 0x0000021640103000 1613       1       com.sun.javafx.iio.ImageFrame::setPixelScale (6 bytes)
Event: 4.010 Thread 0x0000021640103000 nmethod 1613 0x0000021630cf8410 code [0x0000021630cf85c0, 0x0000021630cf8678]
Event: 4.013 Thread 0x00000216400e2000 nmethod 1600 0x0000021630cf8710 code [0x0000021630cf88c0, 0x0000021630cf9558]
Event: 4.014 Thread 0x00000216400e2000 1610       4       com.sun.javafx.iio.png.PNGImageLoader2::doSubFilter (35 bytes)
Event: 4.050 Thread 0x00000216400e2000 nmethod 1610 0x0000021630cf9710 code [0x0000021630cf98a0, 0x0000021630cf9f58]
Event: 4.050 Thread 0x00000216400e2000 1612       4       com.sun.javafx.iio.gif.GIFImageLoader2::decodeImage (161 bytes)

GC Heap History (20 events):
Event: 3.512 GC heap before
{Heap before GC invocations=9 (full 0):
 garbage-first heap   total 129024K, used 111108K [0x0000000083800000, 0x0000000100000000)
  region size 1024K, 3 young (3072K), 1 survivors (1024K)
 Metaspace       used 18479K, capacity 18984K, committed 19328K, reserved 1067008K
  class space    used 2132K, capacity 2335K, committed 2432K, reserved 1048576K
}
Event: 3.513 GC heap after
{Heap after GC invocations=10 (full 0):
 garbage-first heap   total 129024K, used 111147K [0x0000000083800000, 0x0000000100000000)
  region size 1024K, 1 young (1024K), 1 survivors (1024K)
 Metaspace       used 18479K, capacity 18984K, committed 19328K, reserved 1067008K
  class space    used 2132K, capacity 2335K, committed 2432K, reserved 1048576K
}
Event: 3.951 GC heap before
{Heap before GC invocations=11 (full 0):
 garbage-first heap   total 129024K, used 125483K [0x0000000083800000, 0x0000000100000000)
  region size 1024K, 4 young (4096K), 1 survivors (1024K)
 Metaspace       used 18738K, capacity 19243K, committed 19328K, reserved 1067008K
  class space    used 2183K, capacity 2400K, committed 2432K, reserved 1048576K
}
Event: 3.952 GC heap after
{Heap after GC invocations=12 (full 0):
 garbage-first heap   total 129024K, used 123417K [0x0000000083800000, 0x0000000100000000)
  region size 1024K, 1 young (1024K), 1 survivors (1024K)
 Metaspace       used 18738K, capacity 19243K, committed 19328K, reserved 1067008K
  class space    used 2183K, capacity 2400K, committed 2432K, reserved 1048576K
}
Event: 3.998 GC heap before
{Heap before GC invocations=13 (full 0):
 garbage-first heap   total 129024K, used 124441K [0x0000000083800000, 0x0000000100000000)
  region size 1024K, 2 young (2048K), 1 survivors (1024K)
 Metaspace       used 18744K, capacity 19243K, committed 19328K, reserved 1067008K
  class space    used 2183K, capacity 2400K, committed 2432K, reserved 1048576K
}
Event: 3.999 GC heap after
{Heap after GC invocations=14 (full 0):
 garbage-first heap   total 129024K, used 124430K [0x0000000083800000, 0x0000000100000000)
  region size 1024K, 1 young (1024K), 1 survivors (1024K)
 Metaspace       used 18744K, capacity 19243K, committed 19328K, reserved 1067008K
  class space    used 2183K, capacity 2400K, committed 2432K, reserved 1048576K
}
Event: 4.014 GC heap before
{Heap before GC invocations=14 (full 0):
 garbage-first heap   total 143360K, used 140814K [0x0000000083800000, 0x0000000100000000)
  region size 1024K, 2 young (2048K), 1 survivors (1024K)
 Metaspace       used 18744K, capacity 19243K, committed 19328K, reserved 1067008K
  class space    used 2183K, capacity 2400K, committed 2432K, reserved 1048576K
}
Event: 4.014 GC heap after
{Heap after GC invocations=15 (full 0):
 garbage-first heap   total 144384K, used 140886K [0x0000000083800000, 0x0000000100000000)
  region size 1024K, 1 young (1024K), 1 survivors (1024K)
 Metaspace       used 18744K, capacity 19243K, committed 19328K, reserved 1067008K
  class space    used 2183K, capacity 2400K, committed 2432K, reserved 1048576K
}
Event: 4.020 GC heap before
{Heap before GC invocations=16 (full 0):
 garbage-first heap   total 146432K, used 143958K [0x0000000083800000, 0x0000000100000000)
  region size 1024K, 2 young (2048K), 1 survivors (1024K)
 Metaspace       used 18744K, capacity 19243K, committed 19328K, reserved 1067008K
  class space    used 2183K, capacity 2400K, committed 2432K, reserved 1048576K
}
Event: 4.021 GC heap after
{Heap after GC invocations=17 (full 0):
 garbage-first heap   total 147456K, used 143980K [0x0000000083800000, 0x0000000100000000)
  region size 1024K, 1 young (1024K), 1 survivors (1024K)
 Metaspace       used 18744K, capacity 19243K, committed 19328K, reserved 1067008K
  class space    used 2183K, capacity 2400K, committed 2432K, reserved 1048576K
}
Event: 4.037 GC heap before
{Heap before GC invocations=17 (full 0):
 garbage-first heap   total 159744K, used 157292K [0x0000000083800000, 0x0000000100000000)
  region size 1024K, 2 young (2048K), 1 survivors (1024K)
 Metaspace       used 18744K, capacity 19243K, committed 19328K, reserved 1067008K
  class space    used 2183K, capacity 2400K, committed 2432K, reserved 1048576K
}
Event: 4.038 GC heap after
{Heap after GC invocations=18 (full 0):
 garbage-first heap   total 160768K, used 157214K [0x0000000083800000, 0x0000000100000000)
  region size 1024K, 1 young (1024K), 1 survivors (1024K)
 Metaspace       used 18744K, capacity 19243K, committed 19328K, reserved 1067008K
  class space    used 2183K, capacity 2400K, committed 2432K, reserved 1048576K
}
Event: 4.040 GC heap before
{Heap before GC invocations=19 (full 0):
 garbage-first heap   total 161792K, used 159262K [0x0000000083800000, 0x0000000100000000)
  region size 1024K, 2 young (2048K), 1 survivors (1024K)
 Metaspace       used 18744K, capacity 19243K, committed 19328K, reserved 1067008K
  class space    used 2183K, capacity 2400K, committed 2432K, reserved 1048576K
}
Event: 4.042 GC heap after
{Heap after GC invocations=20 (full 0):
 garbage-first heap   total 195584K, used 159267K [0x0000000083800000, 0x0000000100000000)
  region size 1024K, 1 young (1024K), 1 survivors (1024K)
 Metaspace       used 18744K, capacity 19243K, committed 19328K, reserved 1067008K
  class space    used 2183K, capacity 2400K, committed 2432K, reserved 1048576K
}
Event: 4.061 GC heap before
{Heap before GC invocations=21 (full 0):
 garbage-first heap   total 195584K, used 180771K [0x0000000083800000, 0x0000000100000000)
  region size 1024K, 3 young (3072K), 1 survivors (1024K)
 Metaspace       used 18744K, capacity 19243K, committed 19328K, reserved 1067008K
  class space    used 2183K, capacity 2400K, committed 2432K, reserved 1048576K
}
Event: 4.062 GC heap after
{Heap after GC invocations=22 (full 0):
 garbage-first heap   total 195584K, used 179760K [0x0000000083800000, 0x0000000100000000)
  region size 1024K, 1 young (1024K), 1 survivors (1024K)
 Metaspace       used 18744K, capacity 19243K, committed 19328K, reserved 1067008K
  class space    used 2183K, capacity 2400K, committed 2432K, reserved 1048576K
}
Event: 4.079 GC heap before
{Heap before GC invocations=22 (full 0):
 garbage-first heap   total 196608K, used 195120K [0x0000000083800000, 0x0000000100000000)
  region size 1024K, 2 young (2048K), 1 survivors (1024K)
 Metaspace       used 18744K, capacity 19243K, committed 19328K, reserved 1067008K
  class space    used 2183K, capacity 2400K, committed 2432K, reserved 1048576K
}
Event: 4.080 GC heap after
{Heap after GC invocations=23 (full 0):
 garbage-first heap   total 197632K, used 194079K [0x0000000083800000, 0x0000000100000000)
  region size 1024K, 1 young (1024K), 1 survivors (1024K)
 Metaspace       used 18744K, capacity 19243K, committed 19328K, reserved 1067008K
  class space    used 2183K, capacity 2400K, committed 2432K, reserved 1048576K
}
Event: 4.083 GC heap before
{Heap before GC invocations=24 (full 0):
 garbage-first heap   total 198656K, used 196127K [0x0000000083800000, 0x0000000100000000)
  region size 1024K, 2 young (2048K), 1 survivors (1024K)
 Metaspace       used 18744K, capacity 19243K, committed 19328K, reserved 1067008K
  class space    used 2183K, capacity 2400K, committed 2432K, reserved 1048576K
}
Event: 4.084 GC heap after
{Heap after GC invocations=25 (full 0):
 garbage-first heap   total 199680K, used 196185K [0x0000000083800000, 0x0000000100000000)
  region size 1024K, 1 young (1024K), 1 survivors (1024K)
 Metaspace       used 18744K, capacity 19243K, committed 19328K, reserved 1067008K
  class space    used 2183K, capacity 2400K, committed 2432K, reserved 1048576K
}

Deoptimization events (20 events):
Event: 4.022 Thread 0x0000021640f13800 DEOPT PACKING pc=0x00000216299e09d6 sp=0x00000031b1efb060
Event: 4.022 Thread 0x0000021640f13800 DEOPT UNPACKING pc=0x00000216291a8ede sp=0x00000031b1efa590 mode 0
Event: 4.027 Thread 0x0000021640f13800 DEOPT PACKING pc=0x00000216299e09b5 sp=0x00000031b1efb060
Event: 4.027 Thread 0x0000021640f13800 DEOPT UNPACKING pc=0x00000216291a8ede sp=0x00000031b1efa590 mode 0
Event: 4.038 Thread 0x0000021640f13800 DEOPT PACKING pc=0x00000216299e09d6 sp=0x00000031b1efb060
Event: 4.038 Thread 0x0000021640f13800 DEOPT UNPACKING pc=0x00000216291a8ede sp=0x00000031b1efa590 mode 0
Event: 4.050 Thread 0x0000021640f13800 DEOPT PACKING pc=0x00000216299e09d6 sp=0x00000031b1efb060
Event: 4.050 Thread 0x0000021640f13800 DEOPT UNPACKING pc=0x00000216291a8ede sp=0x00000031b1efa590 mode 0
Event: 4.056 Thread 0x0000021640f13800 DEOPT PACKING pc=0x00000216299e09d6 sp=0x00000031b1efb060
Event: 4.056 Thread 0x0000021640f13800 DEOPT UNPACKING pc=0x00000216291a8ede sp=0x00000031b1efa590 mode 0
Event: 4.061 Thread 0x0000021640f13800 DEOPT PACKING pc=0x00000216299e09d6 sp=0x00000031b1efb060
Event: 4.061 Thread 0x0000021640f13800 DEOPT UNPACKING pc=0x00000216291a8ede sp=0x00000031b1efa590 mode 0
Event: 4.066 Thread 0x0000021640f13800 DEOPT PACKING pc=0x00000216299e09b5 sp=0x00000031b1efb060
Event: 4.066 Thread 0x0000021640f13800 DEOPT UNPACKING pc=0x00000216291a8ede sp=0x00000031b1efa590 mode 0
Event: 4.071 Thread 0x0000021640f13800 DEOPT PACKING pc=0x00000216299e09b5 sp=0x00000031b1efb060
Event: 4.071 Thread 0x0000021640f13800 DEOPT UNPACKING pc=0x00000216291a8ede sp=0x00000031b1efa590 mode 0
Event: 4.077 Thread 0x0000021640f13800 DEOPT PACKING pc=0x00000216299e09d6 sp=0x00000031b1efb060
Event: 4.077 Thread 0x0000021640f13800 DEOPT UNPACKING pc=0x00000216291a8ede sp=0x00000031b1efa590 mode 0
Event: 4.083 Thread 0x0000021640f13800 DEOPT PACKING pc=0x00000216299e09b5 sp=0x00000031b1efb060
Event: 4.083 Thread 0x0000021640f13800 DEOPT UNPACKING pc=0x00000216291a8ede sp=0x00000031b1efa590 mode 0

Classes redefined (0 events):
No events

Internal exceptions (20 events):
Event: 2.193 Thread 0x0000021620a69800 Exception <a 'java/lang/NoSuchMethodError'{0x000000008a54c288}: 'java.lang.Object java.lang.invoke.Invokers$Holder.linkToTargetMethod(java.lang.Object, java.lang.Object, java.lang.Object, java.lang.Object, java.lang.Object, java.lang.Object)'> (0x000000008a54c288) thrown at [./src/hotspot/share/interpreter/linkResolver.cpp, line 773]
Event: 2.207 Thread 0x00000216418e1800 Exception <a 'java/lang/NoSuchMethodError'{0x000000008a27fee0}: 'void java.lang.invoke.DirectMethodHandle$Holder.invokeStatic(java.lang.Object, java.lang.Object, java.lang.Object, java.lang.Object)'> (0x000000008a27fee0) thrown at [./src/hotspot/share/interpreter/linkResolver.cpp, line 773]
Event: 2.297 Thread 0x0000021640f13800 Exception <a 'java/lang/NoSuchMethodError'{0x0000000089f37b38}: 'java.lang.Object java.lang.invoke.DirectMethodHandle$Holder.invokeStatic(java.lang.Object, java.lang.Object, java.lang.Object, java.lang.Object, java.lang.Object, java.lang.Object, java.lang.Object, java.lang.Object, java.lang.Object, java.lang.Object, java.lang.Object, java.lang.Object, java.lang.Object, java.lang.Object, java.lang.Object)'> (0x0000000089f37b38) thrown at [./src/hotspot/share/interpreter/linkResolver.cpp, line 773]
Event: 2.300 Thread 0x0000021640f13800 Exception <a 'java/lang/NoSuchMethodError'{0x0000000089f456e8}: 'java.lang.Object java.lang.invoke.DirectMethodHandle$Holder.invokeStatic(java.lang.Object, java.lang.Object, java.lang.Object, java.lang.Object, java.lang.Object, java.lang.Object, java.lang.Object, java.lang.Object, java.lang.Object, java.lang.Object, java.lang.Object, java.lang.Object, java.lang.Object, java.lang.Object, java.lang.Object, java.lang.Object)'> (0x0000000089f456e8) thrown at [./src/hotspot/share/interpreter/linkResolver.cpp, l
Event: 2.301 Thread 0x0000021640f13800 Exception <a 'java/lang/NoSuchMethodError'{0x0000000089f53358}: 'java.lang.Object java.lang.invoke.DirectMethodHandle$Holder.invokeSpecial(java.lang.Object, java.lang.Object, int, int, java.lang.Object, java.lang.Object, java.lang.Object)'> (0x0000000089f53358) thrown at [./src/hotspot/share/interpreter/linkResolver.cpp, line 773]
Event: 2.301 Thread 0x0000021640f13800 Exception <a 'java/lang/NoSuchMethodError'{0x0000000089f568e8}: 'java.lang.Object java.lang.invoke.DelegatingMethodHandle$Holder.reinvoke_L(java.lang.Object, int, int, java.lang.Object, java.lang.Object, java.lang.Object)'> (0x0000000089f568e8) thrown at [./src/hotspot/share/interpreter/linkResolver.cpp, line 773]
Event: 2.302 Thread 0x0000021640f13800 Exception <a 'java/lang/NoSuchMethodError'{0x0000000089f5a7e8}: 'java.lang.Object java.lang.invoke.DirectMethodHandle$Holder.invokeStatic(java.lang.Object, java.lang.Object, java.lang.Object, java.lang.Object, int)'> (0x0000000089f5a7e8) thrown at [./src/hotspot/share/interpreter/linkResolver.cpp, line 773]
Event: 2.482 Thread 0x0000021640f13800 Exception <a 'java/lang/NoSuchMethodError'{0x000000008b4c5420}: 'java.lang.Object java.lang.invoke.DirectMethodHandle$Holder.invokeStaticInit(java.lang.Object, java.lang.Object, java.lang.Object, java.lang.Object)'> (0x000000008b4c5420) thrown at [./src/hotspot/share/interpreter/linkResolver.cpp, line 773]
Event: 2.487 Thread 0x0000021640f13800 Exception <a 'java/lang/NullPointerException'{0x000000008b4d2ee0}> (0x000000008b4d2ee0) thrown at [./src/hotspot/share/interpreter/linkResolver.cpp, line 1358]
Event: 2.487 Thread 0x0000021640f13800 Exception <a 'java/lang/NullPointerException'{0x000000008b4d2ee0}> (0x000000008b4d2ee0) thrown at [./src/hotspot/share/prims/jvm.cpp, line 1310]
Event: 2.498 Thread 0x0000021640f13800 Exception <a 'java/lang/NoSuchMethodError'{0x000000008b30dcb8}: 'void java.lang.invoke.DirectMethodHandle$Holder.invokeSpecial(java.lang.Object, java.lang.Object, java.lang.Object, java.lang.Object, java.lang.Object)'> (0x000000008b30dcb8) thrown at [./src/hotspot/share/interpreter/linkResolver.cpp, line 773]
Event: 2.550 Thread 0x0000021640f13800 Exception <a 'java/lang/NoSuchMethodError'{0x000000008b222ae0}: 'java.lang.Object java.lang.invoke.DirectMethodHandle$Holder.invokeStatic(java.lang.Object, java.lang.Object, java.lang.Object, java.lang.Object, java.lang.Object, java.lang.Object, java.lang.Object, java.lang.Object, java.lang.Object, java.lang.Object, java.lang.Object, java.lang.Object, java.lang.Object, int)'> (0x000000008b222ae0) thrown at [./src/hotspot/share/interpreter/linkResolver.cpp, line 773]
Event: 2.553 Thread 0x0000021640f13800 Exception <a 'java/lang/NoSuchMethodError'{0x000000008b22ecd8}: 'java.lang.Object java.lang.invoke.DirectMethodHandle$Holder.invokeStatic(java.lang.Object, java.lang.Object, java.lang.Object, java.lang.Object, java.lang.Object, java.lang.Object, java.lang.Object, java.lang.Object, java.lang.Object, java.lang.Object, java.lang.Object, java.lang.Object, java.lang.Object, int, int)'> (0x000000008b22ecd8) thrown at [./src/hotspot/share/interpreter/linkResolver.cpp, line 773]
Event: 2.555 Thread 0x0000021640f13800 Exception <a 'java/lang/NoSuchMethodError'{0x000000008b23b2b0}: 'java.lang.Object java.lang.invoke.DirectMethodHandle$Holder.invokeStatic(java.lang.Object, java.lang.Object, java.lang.Object, java.lang.Object, java.lang.Object, java.lang.Object, java.lang.Object, java.lang.Object, java.lang.Object, java.lang.Object, java.lang.Object, java.lang.Object, java.lang.Object, int, int, java.lang.Object)'> (0x000000008b23b2b0) thrown at [./src/hotspot/share/interpreter/linkResolver.cpp, line 773]
Event: 2.600 Thread 0x0000021640f13800 Exception <a 'java/lang/ClassNotFoundException'{0x000000008b2b2b08}: sun/util/logging/resources/spi/loggingProvider> (0x000000008b2b2b08) thrown at [./src/hotspot/share/classfile/systemDictionary.cpp, line 231]
Event: 2.754 Thread 0x0000021640f13800 Exception <a 'java/lang/NoSuchMethodError'{0x000000008afab968}: 'java.lang.Object java.lang.invoke.DirectMethodHandle$Holder.invokeStatic(java.lang.Object, java.lang.Object, java.lang.Object, java.lang.Object, java.lang.Object, java.lang.Object, java.lang.Object, java.lang.Object, java.lang.Object, java.lang.Object, java.lang.Object, int)'> (0x000000008afab968) thrown at [./src/hotspot/share/interpreter/linkResolver.cpp, line 773]
Event: 2.756 Thread 0x0000021640f13800 Exception <a 'java/lang/NoSuchMethodError'{0x000000008afc9b10}: 'java.lang.Object java.lang.invoke.DirectMethodHandle$Holder.invokeStatic(java.lang.Object, java.lang.Object, java.lang.Object, java.lang.Object, java.lang.Object, java.lang.Object, java.lang.Object, java.lang.Object, java.lang.Object, java.lang.Object, java.lang.Object, int, int)'> (0x000000008afc9b10) thrown at [./src/hotspot/share/interpreter/linkResolver.cpp, line 773]
Event: 2.760 Thread 0x0000021640f13800 Exception <a 'java/lang/NoSuchMethodError'{0x000000008afe8b48}: 'java.lang.Object java.lang.invoke.DirectMethodHandle$Holder.invokeStatic(java.lang.Object, java.lang.Object, java.lang.Object, java.lang.Object, java.lang.Object, java.lang.Object, java.lang.Object, java.lang.Object, java.lang.Object, java.lang.Object, java.lang.Object, int, int, java.lang.Object)'> (0x000000008afe8b48) thrown at [./src/hotspot/share/interpreter/linkResolver.cpp, line 773]
Event: 2.763 Thread 0x0000021640f13800 Exception <a 'java/lang/NoSuchMethodError'{0x000000008ae096d0}: 'java.lang.Object java.lang.invoke.DirectMethodHandle$Holder.invokeStatic(java.lang.Object, java.lang.Object, java.lang.Object, java.lang.Object, java.lang.Object, java.lang.Object, java.lang.Object, java.lang.Object, java.lang.Object, java.lang.Object, java.lang.Object, int, int, java.lang.Object, java.lang.Object)'> (0x000000008ae096d0) thrown at [./src/hotspot/share/interpreter/linkResolver.cpp, line 773]
Event: 2.993 Thread 0x0000021640f13800 Exception <a 'java/lang/NoSuchMethodError'{0x000000008aae60c8}: 'void java.lang.invoke.DirectMethodHandle$Holder.invokeStaticInit(java.lang.Object, java.lang.Object)'> (0x000000008aae60c8) thrown at [./src/hotspot/share/interpreter/linkResolver.cpp, line 773]

Events (20 events):
Event: 4.037 Executing VM operation: G1CollectForAllocation
Event: 4.038 Executing VM operation: G1CollectForAllocation done
Event: 4.038 Executing VM operation: CGC_Operation
Event: 4.039 Executing VM operation: CGC_Operation done
Event: 4.040 Executing VM operation: G1CollectForAllocation
Event: 4.042 Executing VM operation: G1CollectForAllocation done
Event: 4.053 Executing VM operation: CGC_Operation
Event: 4.055 Executing VM operation: CGC_Operation done
Event: 4.060 Executing VM operation: CGC_Operation
Event: 4.060 Executing VM operation: CGC_Operation done
Event: 4.061 Executing VM operation: G1CollectForAllocation
Event: 4.062 Executing VM operation: G1CollectForAllocation done
Event: 4.074 Executing VM operation: CGC_Operation
Event: 4.076 Executing VM operation: CGC_Operation done
Event: 4.078 Executing VM operation: G1CollectForAllocation
Event: 4.080 Executing VM operation: G1CollectForAllocation done
Event: 4.082 Executing VM operation: CGC_Operation
Event: 4.082 Executing VM operation: CGC_Operation done
Event: 4.083 Executing VM operation: G1CollectForAllocation
Event: 4.084 Executing VM operation: G1CollectForAllocation done


Dynamic libraries:
0x00007ff630c30000 - 0x00007ff630c3d000 	C:\Users\PepeO\.jdks\corretto-11.0.10\bin\java.exe
0x00007ffcf96f0000 - 0x00007ffcf98e5000 	C:\WINDOWS\SYSTEM32\ntdll.dll
0x00007ffcf7d80000 - 0x00007ffcf7e3d000 	C:\WINDOWS\System32\KERNEL32.DLL
0x00007ffcf7460000 - 0x00007ffcf7728000 	C:\WINDOWS\System32\KERNELBASE.dll
0x00007ffcf7260000 - 0x00007ffcf7360000 	C:\WINDOWS\System32\ucrtbase.dll
0x00007ffce5b10000 - 0x00007ffce5b25000 	C:\Users\PepeO\.jdks\corretto-11.0.10\bin\VCRUNTIME140.dll
0x00007ffce1d90000 - 0x00007ffce1da7000 	C:\Users\PepeO\.jdks\corretto-11.0.10\bin\jli.dll
0x00007ffcf8720000 - 0x00007ffcf88c0000 	C:\WINDOWS\System32\USER32.dll
0x00007ffcf6e30000 - 0x00007ffcf6e52000 	C:\WINDOWS\System32\win32u.dll
0x00007ffcf86f0000 - 0x00007ffcf871a000 	C:\WINDOWS\System32\GDI32.dll
0x00007ffce0730000 - 0x00007ffce09ca000 	C:\WINDOWS\WinSxS\amd64_microsoft.windows.common-controls_6595b64144ccf1df_6.0.19041.1052_none_60b8f8fd71f5e8cb\COMCTL32.dll
0x00007ffcf6eb0000 - 0x00007ffcf6fbb000 	C:\WINDOWS\System32\gdi32full.dll
0x00007ffcf7360000 - 0x00007ffcf73fd000 	C:\WINDOWS\System32\msvcp_win.dll
0x00007ffcf88d0000 - 0x00007ffcf896e000 	C:\WINDOWS\System32\msvcrt.dll
0x00007ffcf8be0000 - 0x00007ffcf8c10000 	C:\WINDOWS\System32\IMM32.DLL
0x00007ffcbc260000 - 0x00007ffcbc2fb000 	C:\Users\PepeO\.jdks\corretto-11.0.10\bin\msvcp140.dll
0x00007ffcacc20000 - 0x00007ffcad767000 	C:\Users\PepeO\.jdks\corretto-11.0.10\bin\server\jvm.dll
0x00007ffcf7840000 - 0x00007ffcf78ec000 	C:\WINDOWS\System32\ADVAPI32.dll
0x00007ffcf9080000 - 0x00007ffcf911b000 	C:\WINDOWS\System32\sechost.dll
0x00007ffcf7c50000 - 0x00007ffcf7d7b000 	C:\WINDOWS\System32\RPCRT4.dll
0x00007ffcf88c0000 - 0x00007ffcf88c8000 	C:\WINDOWS\System32\PSAPI.DLL
0x00007ffce4fc0000 - 0x00007ffce4fc9000 	C:\WINDOWS\SYSTEM32\WSOCK32.dll
0x00007ffcf9410000 - 0x00007ffcf947b000 	C:\WINDOWS\System32\WS2_32.dll
0x00007ffcedda0000 - 0x00007ffceddaa000 	C:\WINDOWS\SYSTEM32\VERSION.dll
0x00007ffce9930000 - 0x00007ffce9957000 	C:\WINDOWS\SYSTEM32\WINMM.dll
0x00007ffcf5750000 - 0x00007ffcf5762000 	C:\WINDOWS\SYSTEM32\kernel.appcore.dll
0x00007ffcee930000 - 0x00007ffcee940000 	C:\Users\PepeO\.jdks\corretto-11.0.10\bin\verify.dll
0x00007ffcf1ac0000 - 0x00007ffcf1ca4000 	C:\WINDOWS\SYSTEM32\DBGHELP.DLL
0x00007ffcec8a0000 - 0x00007ffcec8cc000 	C:\WINDOWS\SYSTEM32\dbgcore.DLL
0x00007ffcf6fc0000 - 0x00007ffcf7043000 	C:\WINDOWS\System32\bcryptPrimitives.dll
0x00007ffce1b30000 - 0x00007ffce1b58000 	C:\Users\PepeO\.jdks\corretto-11.0.10\bin\java.dll
0x00007ffcee780000 - 0x00007ffcee78a000 	C:\Users\PepeO\.jdks\corretto-11.0.10\bin\jimage.dll
0x00007ffcedf00000 - 0x00007ffcedf0e000 	C:\Users\PepeO\.jdks\corretto-11.0.10\bin\instrument.dll
0x00007ffce1bd0000 - 0x00007ffce1be7000 	C:\Users\PepeO\.jdks\corretto-11.0.10\bin\zip.dll
0x00007ffcf7ee0000 - 0x00007ffcf861f000 	C:\WINDOWS\System32\SHELL32.dll
0x00007ffcf4f60000 - 0x00007ffcf56f0000 	C:\WINDOWS\SYSTEM32\windows.storage.dll
0x00007ffcf78f0000 - 0x00007ffcf7c45000 	C:\WINDOWS\System32\combase.dll
0x00007ffcf6830000 - 0x00007ffcf685c000 	C:\WINDOWS\SYSTEM32\Wldp.dll
0x00007ffcf9360000 - 0x00007ffcf940e000 	C:\WINDOWS\System32\SHCORE.dll
0x00007ffcf9180000 - 0x00007ffcf91d5000 	C:\WINDOWS\System32\shlwapi.dll
0x00007ffcf6d70000 - 0x00007ffcf6d8f000 	C:\WINDOWS\SYSTEM32\profapi.dll
0x00007ffce1580000 - 0x00007ffce1599000 	C:\Users\PepeO\.jdks\corretto-11.0.10\bin\net.dll
0x00007ffcea120000 - 0x00007ffcea22b000 	C:\WINDOWS\SYSTEM32\WINHTTP.dll
0x00007ffcf65a0000 - 0x00007ffcf660a000 	C:\WINDOWS\system32\mswsock.dll
0x00007ffcdeb20000 - 0x00007ffcdeb32000 	C:\Users\PepeO\.jdks\corretto-11.0.10\bin\nio.dll
0x00007ffcde910000 - 0x00007ffcde92a000 	C:\Users\PepeO\Documents\2021\Computer Science\New IntelliJ\IntelliJ IDEA Community Edition 2021.1\bin\breakgen64.dll
0x0000021642830000 - 0x0000021642833000 	C:\Users\PepeO\Documents\2021\Computer Science\Programs\Java\javafx-sdk-11.0.2\bin\api-ms-win-core-console-l1-1-0.dll
0x0000021642840000 - 0x0000021642843000 	C:\Users\PepeO\Documents\2021\Computer Science\Programs\Java\javafx-sdk-11.0.2\bin\api-ms-win-core-datetime-l1-1-0.dll
0x0000021642810000 - 0x0000021642813000 	C:\Users\PepeO\Documents\2021\Computer Science\Programs\Java\javafx-sdk-11.0.2\bin\api-ms-win-core-debug-l1-1-0.dll
0x0000021642820000 - 0x0000021642823000 	C:\Users\PepeO\Documents\2021\Computer Science\Programs\Java\javafx-sdk-11.0.2\bin\api-ms-win-core-errorhandling-l1-1-0.dll
0x0000021642850000 - 0x0000021642854000 	C:\Users\PepeO\Documents\2021\Computer Science\Programs\Java\javafx-sdk-11.0.2\bin\api-ms-win-core-file-l1-1-0.dll
0x0000021642860000 - 0x0000021642863000 	C:\Users\PepeO\Documents\2021\Computer Science\Programs\Java\javafx-sdk-11.0.2\bin\api-ms-win-core-file-l1-2-0.dll
0x0000021642870000 - 0x0000021642873000 	C:\Users\PepeO\Documents\2021\Computer Science\Programs\Java\javafx-sdk-11.0.2\bin\api-ms-win-core-file-l2-1-0.dll
0x0000021642890000 - 0x0000021642893000 	C:\Users\PepeO\Documents\2021\Computer Science\Programs\Java\javafx-sdk-11.0.2\bin\api-ms-win-core-handle-l1-1-0.dll
0x00000216428a0000 - 0x00000216428a3000 	C:\Users\PepeO\Documents\2021\Computer Science\Programs\Java\javafx-sdk-11.0.2\bin\api-ms-win-core-heap-l1-1-0.dll
0x00000216428b0000 - 0x00000216428b3000 	C:\Users\PepeO\Documents\2021\Computer Science\Programs\Java\javafx-sdk-11.0.2\bin\api-ms-win-core-interlocked-l1-1-0.dll
0x00000216428c0000 - 0x00000216428c3000 	C:\Users\PepeO\Documents\2021\Computer Science\Programs\Java\javafx-sdk-11.0.2\bin\api-ms-win-core-libraryloader-l1-1-0.dll
0x00000216428d0000 - 0x00000216428d3000 	C:\Users\PepeO\Documents\2021\Computer Science\Programs\Java\javafx-sdk-11.0.2\bin\api-ms-win-core-localization-l1-2-0.dll
0x00000216428e0000 - 0x00000216428e3000 	C:\Users\PepeO\Documents\2021\Computer Science\Programs\Java\javafx-sdk-11.0.2\bin\api-ms-win-core-memory-l1-1-0.dll
0x00000216428f0000 - 0x00000216428f3000 	C:\Users\PepeO\Documents\2021\Computer Science\Programs\Java\javafx-sdk-11.0.2\bin\api-ms-win-core-namedpipe-l1-1-0.dll
0x0000021642900000 - 0x0000021642903000 	C:\Users\PepeO\Documents\2021\Computer Science\Programs\Java\javafx-sdk-11.0.2\bin\api-ms-win-core-processenvironment-l1-1-0.dll
0x0000021642910000 - 0x0000021642913000 	C:\Users\PepeO\Documents\2021\Computer Science\Programs\Java\javafx-sdk-11.0.2\bin\api-ms-win-core-processthreads-l1-1-0.dll
0x0000021642920000 - 0x0000021642923000 	C:\Users\PepeO\Documents\2021\Computer Science\Programs\Java\javafx-sdk-11.0.2\bin\api-ms-win-core-processthreads-l1-1-1.dll
0x0000021642930000 - 0x0000021642933000 	C:\Users\PepeO\Documents\2021\Computer Science\Programs\Java\javafx-sdk-11.0.2\bin\api-ms-win-core-profile-l1-1-0.dll
0x0000021642940000 - 0x0000021642943000 	C:\Users\PepeO\Documents\2021\Computer Science\Programs\Java\javafx-sdk-11.0.2\bin\api-ms-win-core-rtlsupport-l1-1-0.dll
0x0000021642950000 - 0x0000021642953000 	C:\Users\PepeO\Documents\2021\Computer Science\Programs\Java\javafx-sdk-11.0.2\bin\api-ms-win-core-string-l1-1-0.dll
0x0000021642960000 - 0x0000021642963000 	C:\Users\PepeO\Documents\2021\Computer Science\Programs\Java\javafx-sdk-11.0.2\bin\api-ms-win-core-synch-l1-1-0.dll
0x0000021642970000 - 0x0000021642973000 	C:\Users\PepeO\Documents\2021\Computer Science\Programs\Java\javafx-sdk-11.0.2\bin\api-ms-win-core-synch-l1-2-0.dll
0x0000021642980000 - 0x0000021642983000 	C:\Users\PepeO\Documents\2021\Computer Science\Programs\Java\javafx-sdk-11.0.2\bin\api-ms-win-core-sysinfo-l1-1-0.dll
0x0000021642990000 - 0x0000021642993000 	C:\Users\PepeO\Documents\2021\Computer Science\Programs\Java\javafx-sdk-11.0.2\bin\api-ms-win-core-timezone-l1-1-0.dll
0x00000216429a0000 - 0x00000216429a3000 	C:\Users\PepeO\Documents\2021\Computer Science\Programs\Java\javafx-sdk-11.0.2\bin\api-ms-win-core-util-l1-1-0.dll
0x00000216429b0000 - 0x00000216429b3000 	C:\Users\PepeO\Documents\2021\Computer Science\Programs\Java\javafx-sdk-11.0.2\bin\api-ms-win-crt-conio-l1-1-0.dll
0x00000216429c0000 - 0x00000216429c4000 	C:\Users\PepeO\Documents\2021\Computer Science\Programs\Java\javafx-sdk-11.0.2\bin\api-ms-win-crt-convert-l1-1-0.dll
0x00000216429d0000 - 0x00000216429d3000 	C:\Users\PepeO\Documents\2021\Computer Science\Programs\Java\javafx-sdk-11.0.2\bin\api-ms-win-crt-environment-l1-1-0.dll
0x00000216429e0000 - 0x00000216429e3000 	C:\Users\PepeO\Documents\2021\Computer Science\Programs\Java\javafx-sdk-11.0.2\bin\api-ms-win-crt-filesystem-l1-1-0.dll
0x00000216429f0000 - 0x00000216429f3000 	C:\Users\PepeO\Documents\2021\Computer Science\Programs\Java\javafx-sdk-11.0.2\bin\api-ms-win-crt-heap-l1-1-0.dll
0x0000021642a00000 - 0x0000021642a03000 	C:\Users\PepeO\Documents\2021\Computer Science\Programs\Java\javafx-sdk-11.0.2\bin\api-ms-win-crt-locale-l1-1-0.dll
0x0000021642a10000 - 0x0000021642a15000 	C:\Users\PepeO\Documents\2021\Computer Science\Programs\Java\javafx-sdk-11.0.2\bin\api-ms-win-crt-math-l1-1-0.dll
0x0000021642a20000 - 0x0000021642a25000 	C:\Users\PepeO\Documents\2021\Computer Science\Programs\Java\javafx-sdk-11.0.2\bin\api-ms-win-crt-multibyte-l1-1-0.dll
0x0000021642a30000 - 0x0000021642a40000 	C:\Users\PepeO\Documents\2021\Computer Science\Programs\Java\javafx-sdk-11.0.2\bin\api-ms-win-crt-private-l1-1-0.dll
0x0000021642a40000 - 0x0000021642a43000 	C:\Users\PepeO\Documents\2021\Computer Science\Programs\Java\javafx-sdk-11.0.2\bin\api-ms-win-crt-process-l1-1-0.dll
0x0000021642a50000 - 0x0000021642a54000 	C:\Users\PepeO\Documents\2021\Computer Science\Programs\Java\javafx-sdk-11.0.2\bin\api-ms-win-crt-runtime-l1-1-0.dll
0x0000021642a60000 - 0x0000021642a64000 	C:\Users\PepeO\Documents\2021\Computer Science\Programs\Java\javafx-sdk-11.0.2\bin\api-ms-win-crt-stdio-l1-1-0.dll
0x0000021642a70000 - 0x0000021642a74000 	C:\Users\PepeO\Documents\2021\Computer Science\Programs\Java\javafx-sdk-11.0.2\bin\api-ms-win-crt-string-l1-1-0.dll
0x0000021642a80000 - 0x0000021642a83000 	C:\Users\PepeO\Documents\2021\Computer Science\Programs\Java\javafx-sdk-11.0.2\bin\api-ms-win-crt-time-l1-1-0.dll
0x0000021642a90000 - 0x0000021642a93000 	C:\Users\PepeO\Documents\2021\Computer Science\Programs\Java\javafx-sdk-11.0.2\bin\api-ms-win-crt-utility-l1-1-0.dll
0x00007ffcbba30000 - 0x00007ffcbbb2a000 	C:\Users\PepeO\Documents\2021\Computer Science\Programs\Java\javafx-sdk-11.0.2\bin\ucrtbase.dll
0x00007ffcde7f0000 - 0x00007ffcde806000 	C:\Users\PepeO\Documents\2021\Computer Science\Programs\Java\javafx-sdk-11.0.2\bin\vcruntime140.dll
0x00007ffcbb980000 - 0x00007ffcbba26000 	C:\Users\PepeO\Documents\2021\Computer Science\Programs\Java\javafx-sdk-11.0.2\bin\msvcp140.dll
0x00007ffcc1380000 - 0x00007ffcc13d1000 	C:\Users\PepeO\Documents\2021\Computer Science\Programs\Java\javafx-sdk-11.0.2\bin\concrt140.dll
0x00007ffcde350000 - 0x00007ffcde373000 	C:\Users\PepeO\Documents\2021\Computer Science\Programs\Java\javafx-sdk-11.0.2\bin\prism_d3d.dll
0x00007ffcba220000 - 0x00007ffcba3ee000 	C:\WINDOWS\system32\d3d9.dll
0x00007ffcf1690000 - 0x00007ffcf16bf000 	C:\WINDOWS\SYSTEM32\dwmapi.dll
0x00007ffcf13e0000 - 0x00007ffcf147e000 	C:\WINDOWS\system32\uxtheme.dll
0x00007ffcba0b0000 - 0x00007ffcba214000 	C:\WINDOWS\System32\DriverStore\FileRepository\iigd_dch.inf_amd64_27e3f997fcc85a29\igdumdim64.dll
0x00007ffc82a20000 - 0x00007ffc86493000 	C:\WINDOWS\System32\DriverStore\FileRepository\iigd_dch.inf_amd64_27e3f997fcc85a29\igd9dxva64.dll
0x00007ffcf8970000 - 0x00007ffcf8a9a000 	C:\WINDOWS\System32\ole32.dll
0x00007ffcf8620000 - 0x00007ffcf86ed000 	C:\WINDOWS\System32\OLEAUT32.dll
0x00007ffcf8c10000 - 0x00007ffcf9079000 	C:\WINDOWS\System32\SETUPAPI.dll
0x00007ffcf6e60000 - 0x00007ffcf6eae000 	C:\WINDOWS\System32\cfgmgr32.dll
0x00007ffcf7730000 - 0x00007ffcf7757000 	C:\WINDOWS\System32\bcrypt.dll
0x00007ffcd4570000 - 0x00007ffcd47b2000 	C:\WINDOWS\System32\DriverStore\FileRepository\iigd_dch.inf_amd64_27e3f997fcc85a29\igdgmm64.dll
0x00007ffcdd700000 - 0x00007ffcdd745000 	C:\Users\PepeO\Documents\2021\Computer Science\Programs\Java\javafx-sdk-11.0.2\bin\glass.dll
0x00007ffcf7760000 - 0x00007ffcf783a000 	C:\WINDOWS\System32\COMDLG32.dll
0x00007ffcf8ac0000 - 0x00007ffcf8bd5000 	C:\WINDOWS\System32\MSCTF.dll
0x00007ffca05f0000 - 0x00007ffca0617000 	C:\WINDOWS\System32\DriverStore\FileRepository\iigd_dch.inf_amd64_27e3f997fcc85a29\igdinfo64.dll
0x00007ffcf6780000 - 0x00007ffcf6798000 	C:\WINDOWS\SYSTEM32\CRYPTSP.dll
0x00007ffcf5ee0000 - 0x00007ffcf5f14000 	C:\WINDOWS\system32\rsaenh.dll
0x00007ffcf6770000 - 0x00007ffcf677c000 	C:\WINDOWS\SYSTEM32\CRYPTBASE.dll
0x00007ffcd1970000 - 0x00007ffcd4562000 	C:\WINDOWS\System32\DriverStore\FileRepository\iigd_dch.inf_amd64_27e3f997fcc85a29\igc64.dll
0x00007ffcd11e0000 - 0x00007ffcd121b000 	C:\WINDOWS\SYSTEM32\dxcore.dll
0x00007ffcdb980000 - 0x00007ffcdb994000 	C:\Users\PepeO\Documents\2021\Computer Science\Programs\Java\javafx-sdk-11.0.2\bin\javafx_font.dll
0x00007ffcd0f60000 - 0x00007ffcd11df000 	C:\WINDOWS\SYSTEM32\dwrite.dll

dbghelp: loaded successfully - version: 4.0.5 - missing functions: none
symbol engine: initialized successfully - sym options: 0x614 - pdb path: .;C:\Users\PepeO\.jdks\corretto-11.0.10\bin;C:\WINDOWS\SYSTEM32;C:\WINDOWS\WinSxS\amd64_microsoft.windows.common-controls_6595b64144ccf1df_6.0.19041.1052_none_60b8f8fd71f5e8cb;C:\Users\PepeO\.jdks\corretto-11.0.10\bin\server;C:\Users\PepeO\Documents\2021\Computer Science\New IntelliJ\IntelliJ IDEA Community Edition 2021.1\bin;C:\Users\PepeO\Documents\2021\Computer Science\Programs\Java\javafx-sdk-11.0.2\bin;C:\WINDOWS\System32\DriverStore\FileRepository\iigd_dch.inf_amd64_27e3f997fcc85a29

VM Arguments:
jvm_args: --module-path=C:\Users\PepeO\Documents\2021\Computer Science\Programs\Java\javafx-sdk-11.0.2\lib --add-modules=javafx.controls,javafx.fxml -javaagent:C:\Users\PepeO\Documents\2021\Computer Science\New IntelliJ\IntelliJ IDEA Community Edition 2021.1\lib\idea_rt.jar=63522:C:\Users\PepeO\Documents\2021\Computer Science\New IntelliJ\IntelliJ IDEA Community Edition 2021.1\bin -Dfile.encoding=UTF-8 
java_command: sample.Main
java_class_path (initial): C:\Users\PepeO\Documents\2021\Computer Science\Real CS Draft IA\out\production\CS Draft IA;C:\Users\PepeO\Documents\2021\Computer Science\Programs\Java\javafx-sdk-11.0.2\lib\src.zip;C:\Users\PepeO\Documents\2021\Computer Science\Programs\Java\javafx-sdk-11.0.2\lib\javafx-swt.jar;C:\Users\PepeO\Documents\2021\Computer Science\Programs\Java\javafx-sdk-11.0.2\lib\javafx.web.jar;C:\Users\PepeO\Documents\2021\Computer Science\Programs\Java\javafx-sdk-11.0.2\lib\javafx.base.jar;C:\Users\PepeO\Documents\2021\Computer Science\Programs\Java\javafx-sdk-11.0.2\lib\javafx.fxml.jar;C:\Users\PepeO\Documents\2021\Computer Science\Programs\Java\javafx-sdk-11.0.2\lib\javafx.media.jar;C:\Users\PepeO\Documents\2021\Computer Science\Programs\Java\javafx-sdk-11.0.2\lib\javafx.swing.jar;C:\Users\PepeO\Documents\2021\Computer Science\Programs\Java\javafx-sdk-11.0.2\lib\javafx.controls.jar;C:\Users\PepeO\Documents\2021\Computer Science\Programs\Java\javafx-sdk-11.0.2\lib\javafx.graphics.jar
Launcher Type: SUN_STANDARD

[Global flags]
     intx CICompilerCount                          = 4                                         {product} {ergonomic}
     uint ConcGCThreads                            = 2                                         {product} {ergonomic}
     uint G1ConcRefinementThreads                  = 8                                         {product} {ergonomic}
   size_t G1HeapRegionSize                         = 1048576                                   {product} {ergonomic}
    uintx GCDrainStackTargetSize                   = 64                                        {product} {ergonomic}
   size_t InitialHeapSize                          = 132120576                                 {product} {ergonomic}
   size_t MarkStackSize                            = 4194304                                   {product} {ergonomic}
   size_t MaxHeapSize                              = 2088763392                                {product} {ergonomic}
   size_t MaxNewSize                               = 1253048320                                {product} {ergonomic}
   size_t MinHeapDeltaBytes                        = 1048576                                   {product} {ergonomic}
    uintx NonNMethodCodeHeapSize                   = 5836300                                {pd product} {ergonomic}
    uintx NonProfiledCodeHeapSize                  = 122910970                              {pd product} {ergonomic}
    uintx ProfiledCodeHeapSize                     = 122910970                              {pd product} {ergonomic}
    uintx ReservedCodeCacheSize                    = 251658240                              {pd product} {ergonomic}
     bool SegmentedCodeCache                       = true                                      {product} {ergonomic}
     bool UseCompressedClassPointers               = true                                 {lp64_product} {ergonomic}
     bool UseCompressedOops                        = true                                 {lp64_product} {ergonomic}
     bool UseG1GC                                  = true                                      {product} {ergonomic}
     bool UseLargePagesIndividualAllocation        = false                                  {pd product} {ergonomic}

Logging:
Log output configuration:
 #0: stdout all=warning uptime,level,tags
 #1: stderr all=off uptime,level,tags

Environment Variables:
PATH=C:\WINDOWS\system32;C:\WINDOWS;C:\WINDOWS\System32\Wbem;C:\WINDOWS\System32\WindowsPowerShell\v1.0\;C:\WINDOWS\System32\OpenSSH\;C:\Program Files\Git\cmd;C:\Users\PepeO\AppData\Local\Microsoft\WindowsApps;
USERNAME=PepeO
OS=Windows_NT
PROCESSOR_IDENTIFIER=Intel64 Family 6 Model 126 Stepping 5, GenuineIntel



---------------  S Y S T E M  ---------------

OS: Windows 10 , 64 bit Build 19041 (10.0.19041.1023)
OS uptime: 3 days 14:13 hours

CPU:total 8 (initial active 8) (4 cores per cpu, 2 threads per core) family 6 model 126 stepping 5 microcode 0x78, cmov, cx8, fxsr, mmx, sse, sse2, sse3, ssse3, sse4.1, sse4.2, popcnt, avx, avx2, aes, clmul, erms, 3dnowpref, lzcnt, ht, tsc, tscinvbit, bmi1, bmi2, adx, evex, sha, fma

Memory: 4k page, system-wide physical 7967M (627M free)
TotalPageFile size 23071M (AvailPageFile size 5M)
current process WorkingSet (physical memory assigned to process): 294M, peak: 294M
current process commit charge ("private bytes"): 373M, peak: 373M

vm_info: OpenJDK 64-Bit Server VM (11.0.10+9-LTS) for windows-amd64 JRE (11.0.10+9-LTS), built on Jan 12 2021 22:37:55 by "Administrator" with MS VC++ 15.9 (VS2017)

END.
